C51 COMPILER V8.02   ANJIAN                                                                12/26/2012 14:52:38 PAGE 1   


C51 COMPILER V8.02, COMPILATION OF MODULE ANJIAN
OBJECT MODULE PLACED IN anjian.OBJ
COMPILER INVOKED BY: D:\单片机\Keil Uvision3破解版\C51\BIN\C51.EXE anjian.c BROWSE DEBUG OBJECTEXTEND

line level    source

   1          /**********************SY-1实验开发板例程************************
   2          *  平台：SY-1+STC89C52
   3          *  名称：记录SY-1 实验板上S2键按下的次数，并用数码管显示出来。
   4          *  公司：思源电子科技有限公司
   5          *  编写：思源
   6          *  日期：2012-12-25
   7          *   QQ : 936559219
   8          *  晶振:11.0592MHZ
   9          ******************************************************************/
  10          
  11          #include<reg52.h>
  12          
  13          #define uchar unsigned char 
  14          unsigned long num;
  15          uchar j,k;
  16          uchar a0,b0,c0,d0,e0,f0;
  17          sbit dula=P2^6;
  18          sbit wela=P2^7;
  19          sbit s2=P3^4;
  20          unsigned char code table[]={0x3f,0x06,0x5b,0x4f,0x66,0x6d,0x7d,
  21                                  0x07,0x7f,0x6f,0x77,0x7c,0x39,0x5e,0x79,0x71,0x00};
  22          
  23          void delay(uchar i)
  24          {
  25   1              for(j=i;j>0;j--)
  26   1              for(k=125;k>0;k--);
  27   1      }
  28          
  29          void display(uchar a,uchar b,uchar c,uchar d,uchar e,uchar f)
  30          {
  31   1         dula=0;
  32   1         P0=table[a];
  33   1         dula=1;
  34   1         dula=0;
  35   1         
  36   1         wela=0;
  37   1         P0=0xfe;
  38   1         wela=1;
  39   1         wela=0;
  40   1         delay(5);
  41   1         
  42   1         P0=table[b];
  43   1         dula=1;
  44   1         dula=0;
  45   1         
  46   1         P0=0xfd;
  47   1         wela=1;
  48   1         wela=0;
  49   1         delay(5);
  50   1      
  51   1         P0=table[c];
  52   1         dula=1;
  53   1         dula=0;
  54   1         
  55   1         P0=0xfb;
C51 COMPILER V8.02   ANJIAN                                                                12/26/2012 14:52:38 PAGE 2   

  56   1         wela=1;
  57   1         wela=0;
  58   1         delay(5);
  59   1         
  60   1         P0=table[d];
  61   1         dula=1;
  62   1         dula=0;
  63   1         
  64   1         P0=0xf7;
  65   1         wela=1;
  66   1         wela=0;
  67   1         delay(5);
  68   1         
  69   1         P0=table[e];
  70   1         dula=1;
  71   1         dula=0;
  72   1         
  73   1         P0=0xef;
  74   1         wela=1;
  75   1         wela=0;
  76   1         delay(5);
  77   1         
  78   1         P0=table[f];
  79   1         dula=1;
  80   1         dula=0;
  81   1         
  82   1         P0=0xdf;
  83   1         wela=1;
  84   1         wela=0;
  85   1         delay(5);
  86   1      }
  87          
  88          void keyscan()
  89          {
  90   1              if(s2==0)
  91   1              {
  92   2                      while(s2==0);
  93   2                      num++;
  94   2              }
  95   1      }
  96          
  97          void main()
  98          {       while(1)
  99   1              {
 100   2              keyscan();
 101   2              if(num<10)
 102   2              {
 103   3                      a0=num;b0=16;c0=16;d0=16;e0=16;f0=16;
 104   3              }
 105   2              else
 106   2              {
 107   3                      if(num<100)
 108   3                      {a0=num/10;b0=num%10;c0=16;d0=16;e0=16;f0=16;}
 109   3                      else
 110   3                      {
 111   4                              if(num<1000)
 112   4                              {a0=num/100;b0=num%100/10;c0=num%10;d0=16;e0=16;f0=16;}
 113   4                              else
 114   4                              {
 115   5                                      if(num<10000)
 116   5                                      {a0=num/1000;b0=num%1000/100;c0=num%100/10;d0=num%10;e0=16;f0=16;}
 117   5                                      else
C51 COMPILER V8.02   ANJIAN                                                                12/26/2012 14:52:38 PAGE 3   

 118   5                                      {
 119   6                                              if(num<100000)
 120   6                                              {a0=num/10000;b0=num%10000/1000;c0=num%1000/100;d0=num%100/10;e0=num%10;f0=16;}
 121   6                                              else
 122   6                                              {
 123   7                                                      if(num<1000000)
 124   7                                                      {a0=num/100000;b0=num%100000/10000;c0=num%10000/1000;d0=num%1000/100;e0=num%100/10;f0=num%10;}
 125   7                                              }
 126   6                                      }
 127   5                              }
 128   4                      }
 129   3              }
 130   2              display(a0,b0,c0,d0,e0,f0);
 131   2              }
 132   1      }


MODULE INFORMATION:   STATIC OVERLAYABLE
   CODE SIZE        =    915    ----
   CONSTANT SIZE    =     17    ----
   XDATA SIZE       =   ----    ----
   PDATA SIZE       =   ----    ----
   DATA SIZE        =     12       6
   IDATA SIZE       =   ----    ----
   BIT SIZE         =   ----    ----
END OF MODULE INFORMATION.


C51 COMPILATION COMPLETE.  0 WARNING(S),  0 ERROR(S)
