C51 COMPILER V8.02   5                                                                     12/26/2012 14:55:53 PAGE 1   


C51 COMPILER V8.02, COMPILATION OF MODULE 5
OBJECT MODULE PLACED IN 5.OBJ
COMPILER INVOKED BY: D:\单片机\Keil Uvision3破解版\C51\BIN\C51.EXE 5.c BROWSE DEBUG OBJECTEXTEND

line level    source

   1          /**********************SY-1实验开发板例程************************
   2          *  平台：SY-1+STC89C52
   3          *  名称：让SY-1 实验板的六位数码管同时显示数字0到5
   4          *  公司：思源电子科技有限公司
   5          *  编写：思源
   6          *  日期：2012-12-25
   7          *   QQ : 936559219
   8          *  晶振:11.0592MHZ
   9          ******************************************************************/
  10          
  11          #include <reg51.h>
  12          
  13          sbit dula=P2^6;         //段选信号的锁存器控制
  14          sbit wela=P2^7;         //位选信号的锁存器控制
  15          
  16          unsigned char code wei[]={0xfe,0xfd,0xfb,0xf7,0xef,0xdf};
  17                                                          //数码管各位的码表
  18          unsigned char code duan[]={0x3f,0x06,0x5b,0x4f,0x66,0x6d};
  19                                                          //0-5的码表
  20          void delay(unsigned int i)
  21          {
  22   1              unsigned int m,n;
  23   1              for(m=i;m>0;m--)
  24   1                      for(n=90;n>0;n--);
  25   1      }
  26          
  27          void main()
  28          {
  29   1              unsigned char num;
  30   1              while(1)
  31   1              {
  32   2                      for(num=0;num<6;num++)
  33   2                      {
  34   3                              P0=wei[num];       
  35   3                              wela=1;
  36   3                              wela=0;
  37   3      
  38   3                              P0=duan[num];     
  39   3                              dula=1;
  40   3                              dula=0;
  41   3                              delay(2);        //时间间隔短，这是关键（所谓的同时显示，只是间隔较短而已，利用人眼的余辉效应，觉得每个数码管
             -都一直在亮）。
  42   3                       }
  43   2              }
  44   1      }
  45          


MODULE INFORMATION:   STATIC OVERLAYABLE
   CODE SIZE        =     67    ----
   CONSTANT SIZE    =     12    ----
   XDATA SIZE       =   ----    ----
   PDATA SIZE       =   ----    ----
   DATA SIZE        =   ----    ----
   IDATA SIZE       =   ----    ----
C51 COMPILER V8.02   5                                                                     12/26/2012 14:55:53 PAGE 2   

   BIT SIZE         =   ----    ----
END OF MODULE INFORMATION.


C51 COMPILATION COMPLETE.  0 WARNING(S),  0 ERROR(S)
