C51 COMPILER V8.02   LED                                                                   03/30/2013 17:51:43 PAGE 1   


C51 COMPILER V8.02, COMPILATION OF MODULE LED
OBJECT MODULE PLACED IN led.OBJ
COMPILER INVOKED BY: D:\下载与应用\文件安装\新建文件夹 (2)\C51\BIN\C51.EXE led.c BROWSE DEBUG OBJECTEXTEND

line level    source

   1          /**********************SY-1实验开发板例程************************
   2          *  平台：SY-1+STC89C52
   3          *  实验：流水灯3
   4          *  公司：思源电子科技有限公司
   5          *  编写：思源
   6          *  日期：2012-12-25
   7          *   QQ : 936559219
   8          *  晶振:11.0592MHZ
   9          ******************************************************************/
  10          #include<reg52.h>
  11          
  12          void delay(unsigned char i)
  13          {
  14   1              unsigned char m,n;
  15   1              for(m=i;m>0;m--)
  16   1              for(n=125;n>0;n--);
  17   1      }
  18          
  19          void main()
  20          {
  21   1              unsigned char m=255;
  22   1              while(1)
  23   1              {
  24   2                      P1=m;
  25   2                      delay(2000);
  26   2                      m--;
  27   2              }
  28   1      }


MODULE INFORMATION:   STATIC OVERLAYABLE
   CODE SIZE        =     26    ----
   CONSTANT SIZE    =   ----    ----
   XDATA SIZE       =   ----    ----
   PDATA SIZE       =   ----    ----
   DATA SIZE        =   ----    ----
   IDATA SIZE       =   ----    ----
   BIT SIZE         =   ----    ----
END OF MODULE INFORMATION.


C51 COMPILATION COMPLETE.  0 WARNING(S),  0 ERROR(S)
