C51 COMPILER V8.02   JIESHOU                                                               04/09/2013 10:55:18 PAGE 1   


C51 COMPILER V8.02, COMPILATION OF MODULE JIESHOU
OBJECT MODULE PLACED IN jieshou.OBJ
COMPILER INVOKED BY: D:\下载与应用\文件安装\新建文件夹 (2)\C51\BIN\C51.EXE jieshou.c BROWSE DEBUG OBJECTEXTEND

line level    source

   1          /**********************SY-1实验开发板例程************************
   2          *  平台：SY-1+STC89C52
   3          *  名称：用串口调试助手软件通过串口向单片机发送数据。
   4                                          当发送的数据为1到8时，分别对应点亮相应的发光二极管。
   5                                          发送其他数据，蜂鸣器会响。
   6          *  公司：思源电子科技有限公司
   7          *  编写：思源
   8          *  日期：2012-12-25
   9          *   QQ : 936559219
  10          *  晶振:11.0592MHZ
  11          ******************************************************************/
  12          #include <reg52.h>
  13                  
  14          #define uchar  unsigned char 
  15          #define uint   unsigned int
  16          
  17          uchar buf;
  18          
  19          sbit beep=P2^3;
  20          
  21          void main(void) 
  22          {
  23   1          SCON=0x50;           //设定串口工作方式
  24   1          PCON=0x00;           //波特率不倍增
  25   1                              
  26   1          TMOD=0x20;           //定时器1工作于8位自动重载模式, 用于产生波特率
  27   1          EA=1;
  28   1          ES = 1;              //允许串口中断
  29   1          TL1=0xfd;
  30   1          TH1=0xfd;             //波特率9600
  31   1          TR1=1;
  32   1          while(1);        
  33   1      }
  34          /*********************************************************
  35          
  36            串行中断服务函数
  37          
  38          *********************************************************/
  39          void  serial() interrupt 4 
  40          {
  41   1         ES = 0;                //关闭串行中断
  42   1         RI = 0;                //清除串行接受标志位
  43   1         buf = SBUF;            //从串口缓冲区取得数据
  44   1        switch(buf)
  45   1         {
  46   2            case 0x31:  P1=0xfe;beep=1;break;  //接受到1，第一个LED亮         
  47   2            case 0x32:  P1=0xfd;beep=1;break;  //接受到2，第二个LED亮        
  48   2            case 0x33:  P1=0xfb;beep=1;break;  //接受到3，第三个LED亮        
  49   2            case 0x34:  P1=0xf7;beep=1;break;  //接受到4，第四个LED亮       
  50   2            case 0x35:  P1=0xef;beep=1;break;  //接受到5，第五个LED亮            
  51   2            case 0x36:  P1=0xdf;beep=1;break;  //接受到5，第六个LED亮                   
  52   2            case 0x37:  P1=0xbf;beep=1;break;  //接受到5，第七个LED亮
  53   2                case 0x38:  P1=0x7f;beep=1;break;  //接受到5，第八个LED亮
  54   2                default:    beep=0;P1=0xff;break;  //接受到其它数据，蜂鸣器响         
  55   2         }
C51 COMPILER V8.02   JIESHOU                                                               04/09/2013 10:55:18 PAGE 2   

  56   1         ES = 1;    //允许串口中断
  57   1      }


MODULE INFORMATION:   STATIC OVERLAYABLE
   CODE SIZE        =    161    ----
   CONSTANT SIZE    =   ----    ----
   XDATA SIZE       =   ----    ----
   PDATA SIZE       =   ----    ----
   DATA SIZE        =      1    ----
   IDATA SIZE       =   ----    ----
   BIT SIZE         =   ----    ----
END OF MODULE INFORMATION.


C51 COMPILATION COMPLETE.  0 WARNING(S),  0 ERROR(S)
