C51 COMPILER V8.02   MAIN                                                                  12/27/2012 15:03:29 PAGE 1   


C51 COMPILER V8.02, COMPILATION OF MODULE MAIN
OBJECT MODULE PLACED IN main.OBJ
COMPILER INVOKED BY: D:\单片机\Keil Uvision3破解版\C51\BIN\C51.EXE main.c BROWSE DEBUG OBJECTEXTEND

line level    source

   1          /**********************SY-1实验开发板例程************************
   2          *  平台：SY-1+STC89C52
   3          *  名称：
   4          *  公司：思源电子科技有限公司
   5          *  编写：思源
   6          *  日期：2012-12-25
   7          *   QQ : 936559219
   8          *  晶振:11.0592MHZ
   9          ******************************************************************/
  10          //用16条排线接到8X8点阵上，分别接到P0 P3口，下载程序后出现一个心。
  11          #include <reg52.h>
  12          
  13          unsigned char const dofly[]={0x00,0x6C,0x92,0x82,0x44,0x28,0x10,0x00};// 心的形状
  14          unsigned char code seg[]={0x7f,0xbf,0xdf,0xef,0xf7,0xfb,0xfd,0xfe};//分别对应相应的段亮
  15          ////////////////////////////////////////////////////////
  16          void delay(unsigned int cnt)
  17          {
  18   1       while(--cnt);
  19   1      }
  20          ///////////////////////////////////////////////////////
  21          main()
  22          {
  23   1       unsigned char i;
  24   1      
  25   1       while(1)
  26   1            {
  27   2       
  28   2             P0=dofly[i];//取显示数据
  29   2                 P3=seg[i];  //取段码
  30   2                 delay(200); //扫描间隙延时
  31   2                 i++;
  32   2                 if(8==i)
  33   2                   i=0;
  34   2            }
  35   1      }


MODULE INFORMATION:   STATIC OVERLAYABLE
   CODE SIZE        =     45    ----
   CONSTANT SIZE    =      8    ----
   XDATA SIZE       =   ----    ----
   PDATA SIZE       =   ----    ----
   DATA SIZE        =      8       1
   IDATA SIZE       =   ----    ----
   BIT SIZE         =   ----    ----
END OF MODULE INFORMATION.


C51 COMPILATION COMPLETE.  0 WARNING(S),  0 ERROR(S)
