C51 COMPILER V8.02   DENG                                                                  12/26/2012 14:44:19 PAGE 1   


C51 COMPILER V8.02, COMPILATION OF MODULE DENG
OBJECT MODULE PLACED IN deng.OBJ
COMPILER INVOKED BY: D:\单片机\Keil Uvision3破解版\C51\BIN\C51.EXE deng.c BROWSE DEBUG OBJECTEXTEND

line level    source

   1          /**********************SY-1实验开发板例程************************
   2          *  平台：SY-1+STC89C52
   3          *  名称：实现楼道间照明灯的方便控制，一个照明灯，在楼上和楼下各有一个（闭合式）开关控制。
   4                                  开关的闭合并不直接决定灯的亮灭，而开关状态的改变才是决定灯亮灭的关键。即不管两个开关当前的状态
   5                                  如何，只要有一个开关状态发声变化，都会使照明灯在打亮或者熄灭两种状态间切换。
   6                                  比如当有人要上楼，若之前灯是灭的，在按下楼下开关后（此后开关为闭合状态），灯会打亮；当到楼上后，
   7                                  再按楼上开关，灯会熄灭。而当后来又有人上楼时，再按次楼下开关（此后开关为打开状态），灯同样会打亮；
   8                                  此试验中，用P1口相连的第一个led来模拟照明灯，而用s2和s3来模拟两个开关。注意，因为实际楼道中的
   9                                  开关为闭合式的，而SY-1的开关为反弹式的，所以实验时，请用手一直按着按键演示开关的闭合。
  10          *  公司：思源电子科技有限公司
  11          *  编写：思源
  12          *  日期：2012-12-25
  13          *   QQ : 936559219
  14          *  晶振:11.0592MHZ
  15          ******************************************************************/
  16          #include <reg52.h>
  17          
  18          sbit light=P1^0;
  19          sbit s1=P3^4;
  20          sbit s2=P3^5;
  21          
  22          bit change,s1sta,s2sta;//s1sta,s2sta为开关s1和s2前一时刻的状态，用来和当前的s1与s2状态进行对比，
  23                                                     //进而判决两个开关的状态有无发生变化。
  24          bit keyscan()
  25          {
  26   1              if((s1^s1sta)||(s2^s2sta)) //^为异或，若两者不同，则结果为1。即若两开关中，任一开关的状态发生变化，则此条
             -件即为真。
  27   1                      change=1;
  28   1              return change;
  29   1      }
  30          
  31          void main()
  32          {       
  33   1              s1sta=s1;
  34   1              s2sta=s2;
  35   1              while(1)
  36   1              {
  37   2                      keyscan();                 //扫描按键状态是否变化，即是否有人更改了按键状态。
  38   2                      if(change)
  39   2                      {
  40   3                              change=0;          //清零
  41   3                              light=~light;  //一旦发现有开关状态发生了变化，则灯的状态就取反。（若以前亮，则熄灭；反之则打亮）
  42   3                              s1sta=s1;          //同时，将s1和s2的当前状态送给s1sta和s2sta，为以后的比较做准备。
  43   3                              s2sta=s2;
  44   3                      }       
  45   2              }
  46   1      }


MODULE INFORMATION:   STATIC OVERLAYABLE
   CODE SIZE        =     49    ----
   CONSTANT SIZE    =   ----    ----
   XDATA SIZE       =   ----    ----
   PDATA SIZE       =   ----    ----
   DATA SIZE        =   ----    ----
C51 COMPILER V8.02   DENG                                                                  12/26/2012 14:44:19 PAGE 2   

   IDATA SIZE       =   ----    ----
   BIT SIZE         =      3    ----
END OF MODULE INFORMATION.


C51 COMPILATION COMPLETE.  0 WARNING(S),  0 ERROR(S)
