C51 COMPILER V8.02   18B20                                                                 12/27/2012 10:27:13 PAGE 1   


C51 COMPILER V8.02, COMPILATION OF MODULE 18B20
OBJECT MODULE PLACED IN 18b20.OBJ
COMPILER INVOKED BY: D:\单片机\Keil Uvision3破解版\C51\BIN\C51.EXE 18b20.c BROWSE DEBUG OBJECTEXTEND

line level    source

   1          /**********************SY-1实验开发板例程************************
   2          *  平台：SY-1+STC89C52
   3          *  名称：测当前温度，并在数码管上显示
   4          *  公司：思源电子科技有限公司
   5          *  编写：思源
   6          *  日期：2012-12-25
   7          *   QQ : 936559219
   8          *  晶振:11.0592MHZ
   9          ******************************************************************/
  10          #include <reg52.h>
  11          #define uchar unsigned char
  12          #define uint unsigned int
  13          sbit DS=P2^2;           //define interface
  14          uint temp;             // variable of temperature
  15          uchar flag1;            // sign of the result positive or negative
  16          sbit dula=P2^6;
  17          sbit wela=P2^7;
  18          unsigned char code table[]={0x3f,0x06,0x5b,0x4f,0x66,0x6d,0x7d,
  19                                  0x07,0x7f,0x6f,0x77,0x7c,0x39,0x5e,0x79,0x71};
  20          unsigned char code table1[]={0xbf,0x86,0xdb,0xcf,0xe6,0xed,0xfd,
  21                                  0x87,0xff,0xef};
  22          
  23          void delay(uint count)      //delay
  24          {
  25   1        uint i;
  26   1        while(count)
  27   1        {
  28   2          i=200;
  29   2          while(i>0)
  30   2          i--;
  31   2          count--;
  32   2        }
  33   1      }
  34          void dsreset(void)       //send reset and initialization command
  35          {
  36   1        uint i;
  37   1        DS=0;
  38   1        i=103;
  39   1        while(i>0)i--;
  40   1        DS=1;
  41   1        i=4;
  42   1        while(i>0)i--;
  43   1      }
  44          
  45          bit tmpreadbit(void)       //read a bit
  46          {
  47   1         uint i;
  48   1         bit dat;
  49   1         DS=0;i++;          //i++ for delay
  50   1         DS=1;i++;i++;
  51   1         dat=DS;
  52   1         i=8;while(i>0)i--;
  53   1         return (dat);
  54   1      }
  55          
C51 COMPILER V8.02   18B20                                                                 12/27/2012 10:27:13 PAGE 2   

  56          uchar tmpread(void)   //read a byte date
  57          {
  58   1        uchar i,j,dat;
  59   1        dat=0;
  60   1        for(i=1;i<=8;i++)
  61   1        {
  62   2          j=tmpreadbit();
  63   2          dat=(j<<7)|(dat>>1);   //读出的数据最低位在最前面，这样刚好一个字节在DAT里
  64   2        }
  65   1        return(dat);
  66   1      }
  67          
  68          void tmpwritebyte(uchar dat)   //write a byte to ds18b20
  69          {
  70   1        uint i;
  71   1        uchar j;
  72   1        bit testb;
  73   1        for(j=1;j<=8;j++)
  74   1        {
  75   2          testb=dat&0x01;
  76   2          dat=dat>>1;
  77   2          if(testb)     //write 1
  78   2          {
  79   3            DS=0;
  80   3            i++;i++;
  81   3            DS=1;
  82   3            i=8;while(i>0)i--;
  83   3          }
  84   2          else
  85   2          {
  86   3            DS=0;       //write 0
  87   3            i=8;while(i>0)i--;
  88   3            DS=1;
  89   3            i++;i++;
  90   3          }
  91   2      
  92   2        }
  93   1      }
  94          
  95          void tmpchange(void)  //DS18B20 begin change
  96          {
  97   1        dsreset();
  98   1        delay(1);
  99   1        tmpwritebyte(0xcc);  // address all drivers on bus
 100   1        tmpwritebyte(0x44);  //  initiates a single temperature conversion
 101   1      }
 102          
 103          uint tmp()               //get the temperature
 104          {
 105   1        float tt;
 106   1        uchar a,b;
 107   1        dsreset();
 108   1        delay(1);
 109   1        tmpwritebyte(0xcc);
 110   1        tmpwritebyte(0xbe);
 111   1        a=tmpread();
 112   1        b=tmpread();
 113   1        temp=b;
 114   1        temp<<=8;             //two byte  compose a int variable
 115   1        temp=temp|a;
 116   1        tt=temp*0.0625;
 117   1        temp=tt*10+0.5;
C51 COMPILER V8.02   18B20                                                                 12/27/2012 10:27:13 PAGE 3   

 118   1        return temp;
 119   1      }
 120          
 121          void display(uint temp)                 //显示程序
 122          {
 123   1         uchar A1,A2,A2t,A3;
 124   1         A1=temp/100;
 125   1         A2t=temp%100;
 126   1         A2=A2t/10;
 127   1         A3=A2t%10;
 128   1         dula=0;
 129   1         P0=table[A1];                //显示百位
 130   1         dula=1;
 131   1         dula=0;
 132   1      
 133   1         wela=0;
 134   1         P0=0x7e;
 135   1         wela=1;
 136   1         wela=0;
 137   1         delay(1);
 138   1      
 139   1         dula=0;
 140   1         P0=table1[A2];               //显示十位
 141   1         dula=1;
 142   1         dula=0;
 143   1      
 144   1         wela=0;
 145   1         P0=0x7d;
 146   1         wela=1;
 147   1         wela=0;
 148   1         delay(1);
 149   1      
 150   1         P0=table[A3];                //显示个位
 151   1         dula=1;
 152   1         dula=0;
 153   1      
 154   1         P0=0x7b;
 155   1         wela=1;
 156   1         wela=0;
 157   1         delay(1);
 158   1      }
 159          
 160          
 161          void main()
 162          {
 163   1       uchar a;
 164   1        do
 165   1        {
 166   2          tmpchange();
 167   2              for(a=10;a>0;a--)
 168   2              {   
 169   3                      display(tmp());
 170   3              }
 171   2        } while(1);
 172   1      }


MODULE INFORMATION:   STATIC OVERLAYABLE
   CODE SIZE        =    453    ----
   CONSTANT SIZE    =     26    ----
   XDATA SIZE       =   ----    ----
   PDATA SIZE       =   ----    ----
C51 COMPILER V8.02   18B20                                                                 12/27/2012 10:27:13 PAGE 4   

   DATA SIZE        =      3       6
   IDATA SIZE       =   ----    ----
   BIT SIZE         =   ----       2
END OF MODULE INFORMATION.


C51 COMPILATION COMPLETE.  0 WARNING(S),  0 ERROR(S)
