C51 COMPILER V8.02   JISHU                                                                 12/26/2012 14:57:15 PAGE 1   


C51 COMPILER V8.02, COMPILATION OF MODULE JISHU
OBJECT MODULE PLACED IN jishu.OBJ
COMPILER INVOKED BY: D:\单片机\Keil Uvision3破解版\C51\BIN\C51.EXE jishu.c BROWSE DEBUG OBJECTEXTEND

line level    source

   1          /**********************SY-1实验开发板例程************************
   2          *  平台：SY-1+STC89C52
   3          *  名称：模拟工厂里的产品扫描计数器。
   4                          用SY-1 实验板上的S2和S3键。
   5                          其中S2用于模拟代替扫描开关，当有产品经过时，会使S2送出低电平（本程序中是用手按下S2来模拟）
   6                          S2每按一下，便会使数码管上的计数器加一。
   7                          S3用于对计数清零。
   8          *  公司：思源电子科技有限公司
   9          *  编写：思源
  10          *  日期：2012-12-25
  11          *   QQ : 936559219
  12          *  晶振:11.0592MHZ
  13          ******************************************************************/
  14          
  15          #include<reg52.h>
  16          
  17          #define uchar unsigned char 
  18          unsigned long num;
  19          uchar j,k;
  20          uchar a0,b0,c0,d0,e0,f0;
  21          sbit dula=P2^6;
  22          sbit wela=P2^7;
  23          sbit s2=P3^4;
  24          sbit s3=P3^5;
  25          unsigned char code table[]={0x3f,0x06,0x5b,0x4f,0x66,0x6d,0x7d,
  26                                  0x07,0x7f,0x6f,0x77,0x7c,0x39,0x5e,0x79,0x71,0x00};
  27          
  28          void delay(uchar i)
  29          {
  30   1              for(j=i;j>0;j--)
  31   1              for(k=125;k>0;k--);
  32   1      }
  33          
  34          void display(uchar a,uchar b,uchar c,uchar d,uchar e,uchar f)
  35          {
  36   1         dula=0;
  37   1         P0=table[a];
  38   1         dula=1;
  39   1         dula=0;
  40   1         
  41   1         wela=0;
  42   1         P0=0xfe;
  43   1         wela=1;
  44   1         wela=0;
  45   1         delay(5);
  46   1         
  47   1         P0=table[b];
  48   1         dula=1;
  49   1         dula=0;
  50   1         
  51   1         P0=0xfd;
  52   1         wela=1;
  53   1         wela=0;
  54   1         delay(5);
  55   1      
C51 COMPILER V8.02   JISHU                                                                 12/26/2012 14:57:15 PAGE 2   

  56   1         P0=table[c];
  57   1         dula=1;
  58   1         dula=0;
  59   1         
  60   1         P0=0xfb;
  61   1         wela=1;
  62   1         wela=0;
  63   1         delay(5);
  64   1         
  65   1         P0=table[d];
  66   1         dula=1;
  67   1         dula=0;
  68   1         
  69   1         P0=0xf7;
  70   1         wela=1;
  71   1         wela=0;
  72   1         delay(5);
  73   1         
  74   1         P0=table[e];
  75   1         dula=1;
  76   1         dula=0;
  77   1         
  78   1         P0=0xef;
  79   1         wela=1;
  80   1         wela=0;
  81   1         delay(5);
  82   1         
  83   1         P0=table[f];
  84   1         dula=1;
  85   1         dula=0;
  86   1         
  87   1         P0=0xdf;
  88   1         wela=1;
  89   1         wela=0;
  90   1         delay(5);
  91   1      }
  92          
  93          void keyscan()
  94          {
  95   1              if(s2==0)
  96   1              {
  97   2                      while(s2==0);
  98   2                      num++;
  99   2              }
 100   1              if(s3==0)
 101   1              {
 102   2                      while(s3==0);
 103   2                      num=0;
 104   2              }
 105   1      }
 106          
 107          void main()
 108          {       while(1)
 109   1              {
 110   2              keyscan();
 111   2              if(num<10)
 112   2              {
 113   3                      a0=num;b0=16;c0=16;d0=16;e0=16;f0=16;
 114   3              }
 115   2              else
 116   2              {
 117   3                      if(num<100)
C51 COMPILER V8.02   JISHU                                                                 12/26/2012 14:57:15 PAGE 3   

 118   3                      {a0=num/10;b0=num%10;c0=16;d0=16;e0=16;f0=16;}
 119   3                      else
 120   3                      {
 121   4                              if(num<1000)
 122   4                              {a0=num/100;b0=num%100/10;c0=num%10;d0=16;e0=16;f0=16;}
 123   4                              else
 124   4                              {
 125   5                                      if(num<10000)
 126   5                                      {a0=num/1000;b0=num%1000/100;c0=num%100/10;d0=num%10;e0=16;f0=16;}
 127   5                                      else
 128   5                                      {
 129   6                                              if(num<100000)
 130   6                                              {a0=num/10000;b0=num%10000/1000;c0=num%1000/100;d0=num%100/10;e0=num%10;f0=16;}
 131   6                                              else
 132   6                                              {
 133   7                                                      if(num<1000000)
 134   7                                                      {a0=num/100000;b0=num%100000/10000;c0=num%10000/1000;d0=num%1000/100;e0=num%100/10;f0=num%10;}
 135   7                                              }
 136   6                                      }
 137   5                              }
 138   4                      }
 139   3              }
 140   2              display(a0,b0,c0,d0,e0,f0);
 141   2              }
 142   1      }


MODULE INFORMATION:   STATIC OVERLAYABLE
   CODE SIZE        =    930    ----
   CONSTANT SIZE    =     17    ----
   XDATA SIZE       =   ----    ----
   PDATA SIZE       =   ----    ----
   DATA SIZE        =     12       6
   IDATA SIZE       =   ----    ----
   BIT SIZE         =   ----    ----
END OF MODULE INFORMATION.


C51 COMPILATION COMPLETE.  0 WARNING(S),  0 ERROR(S)
