C51 COMPILER V8.02   BAOJING                                                               12/26/2012 15:01:30 PAGE 1   


C51 COMPILER V8.02, COMPILATION OF MODULE BAOJING
OBJECT MODULE PLACED IN baojing.OBJ
COMPILER INVOKED BY: D:\单片机\Keil Uvision3破解版\C51\BIN\C51.EXE baojing.c BROWSE DEBUG OBJECTEXTEND

line level    source

   1          /**********************SY-1实验开发板例程************************
   2          *  平台：SY-1+STC89C52
   3          *  名称：按下SY-1 实验板上的S2按键时（一直按着），会发出频率为1000HZ和2000HZ交替
   4                                  的信号，通过蜂鸣器发出类似于救护车发出的报警声
   5          *  公司：思源电子科技有限公司
   6          *  编写：思源
   7          *  日期：2012-12-25
   8          *   QQ : 936559219
   9          *  晶振:11.0592MHZ
  10          ******************************************************************/
  11          
  12          #include <reg51.h>
  13          #include <intrins.h>
  14          
  15          #define uchar unsigned char 
  16          #define uint unsigned int
  17          
  18          sbit beep=P2^3;
  19          sbit kaiguan=P3^4;
  20          
  21          void delay()               //大概0.5ms左右的延时
  22          {
  23   1              uchar a;
  24   1              for(a=450;a>0;a--)
  25   1              {
  26   2                      _nop_();
  27   2              }
  28   1      }
  29          void main()
  30          {
  31   1              while(1)
  32   1              {
  33   2                      if(!kaiguan)
  34   2                      {
  35   3                              uint m;
  36   3                              for(m=800;m>0;m--)        //持续时间0.5ms*800
  37   3                              {
  38   4                                      beep=~beep;             
  39   4                                      delay();                 //2000HZ的信号。
  40   4                              }
  41   3                              for(m=500;m>0;m--)       //持续时间0.5ms*2*500
  42   3                              {
  43   4                                      beep=~beep;
  44   4                                      delay();
  45   4                                      delay();                //1000HZ的信号。
  46   4                              }
  47   3                      }
  48   2              }
  49   1      }


MODULE INFORMATION:   STATIC OVERLAYABLE
   CODE SIZE        =     74    ----
   CONSTANT SIZE    =   ----    ----
   XDATA SIZE       =   ----    ----
C51 COMPILER V8.02   BAOJING                                                               12/26/2012 15:01:30 PAGE 2   

   PDATA SIZE       =   ----    ----
   DATA SIZE        =   ----       2
   IDATA SIZE       =   ----    ----
   BIT SIZE         =   ----    ----
END OF MODULE INFORMATION.


C51 COMPILATION COMPLETE.  0 WARNING(S),  0 ERROR(S)
