C51 COMPILER V8.02   MAIN                                                                  02/22/2013 10:21:39 PAGE 1   


C51 COMPILER V8.02, COMPILATION OF MODULE MAIN
OBJECT MODULE PLACED IN main.OBJ
COMPILER INVOKED BY: D:\下载与应用\文件安装\新建文件夹 (2)\C51\BIN\C51.EXE main.c BROWSE DEBUG OBJECTEXTEND

line level    source

   1          /**********************SY-1实验开发板例程************************
   2          *  平台：SY-1+STC89C52
   3          *  名称：步进电机
   4          *  公司：思源电子科技有限公司
   5          *  编写：思源
   6          *  日期：2012-12-25
   7          *   QQ : 936559219
   8          *  晶振:11.0592MHZ
   9          ******************************************************************/
  10          //本实验需要购买步进电机模块
  11          /*-----------------------------------------------
  12            名称：步进电机
  13            内容：本程序用于测试4相步进电机常规驱动 4个按键分别控制加速、减速、开启、停止
  14                  
  15                          数码管显示 01-18速度等级，数字越大，速度越大
  16           ------------------------------------------------*/
  17          
  18          #include <reg52.h>
  19          
  20          #define KeyPort P3
  21          #define DataPort P0 //定义数据端口 程序中遇到DataPort 则用P0 替换
  22          sbit LATCH1=P2^6;//定义锁存使能端口 段锁存
  23          sbit LATCH2=P2^7;//                 位锁存
  24          
  25          unsigned char code dofly_DuanMa[10]={0x3f,0x06,0x5b,0x4f,0x66,0x6d,0x7d,0x07,0x7f,0x6f};// 显示段码值0~9
  26          unsigned char code dofly_WeiMa[]={0xfe,0xfd,0xfb,0xf7,0xef,0xdf,0xbf,0x7f};//分别对应相应的数码管点亮,即位
             -码
  27          unsigned char TempData[8]; //存储显示值的全局变量
  28          
  29          sbit A1=P1^0; //定义步进电机连接端口
  30          sbit B1=P1^1;
  31          sbit C1=P1^2;
  32          sbit D1=P1^3;
  33          
  34          
  35          #define Coil_AB1 {A1=1;B1=1;C1=0;D1=0;}//AB相通电，其他相断电
  36          #define Coil_BC1 {A1=0;B1=1;C1=1;D1=0;}//BC相通电，其他相断电
  37          #define Coil_CD1 {A1=0;B1=0;C1=1;D1=1;}//CD相通电，其他相断电
  38          #define Coil_DA1 {A1=1;B1=0;C1=0;D1=1;}//D相通电，其他相断电
  39          #define Coil_A1 {A1=1;B1=0;C1=0;D1=0;}//A相通电，其他相断电
  40          #define Coil_B1 {A1=0;B1=1;C1=0;D1=0;}//B相通电，其他相断电
  41          #define Coil_C1 {A1=0;B1=0;C1=1;D1=0;}//C相通电，其他相断电
  42          #define Coil_D1 {A1=0;B1=0;C1=0;D1=1;}//D相通电，其他相断电
  43          #define Coil_OFF {A1=0;B1=0;C1=0;D1=0;}//全部断电
  44          
  45          unsigned char Speed=1;
  46          bit StopFlag;
  47          void Display(unsigned char FirstBit,unsigned char Num);
  48          void Init_Timer0(void);
  49          unsigned char KeyScan(void);
  50          /*------------------------------------------------
  51           uS延时函数，含有输入参数 unsigned char t，无返回值
  52           unsigned char 是定义无符号字符变量，其值的范围是
  53           0~255 这里使用晶振12M，精确延时请使用汇编,大致延时
  54           长度如下 T=tx2+5 uS 
C51 COMPILER V8.02   MAIN                                                                  02/22/2013 10:21:39 PAGE 2   

  55          ------------------------------------------------*/
  56          void DelayUs2x(unsigned char t)
  57          {   
  58   1       while(--t);
  59   1      }
  60          /*------------------------------------------------
  61           mS延时函数，含有输入参数 unsigned char t，无返回值
  62           unsigned char 是定义无符号字符变量，其值的范围是
  63           0~255 这里使用晶振12M，精确延时请使用汇编
  64          ------------------------------------------------*/
  65          void DelayMs(unsigned char t)
  66          {
  67   1           
  68   1       while(t--)
  69   1       {
  70   2           //大致延时1mS
  71   2           DelayUs2x(245);
  72   2               DelayUs2x(245);
  73   2       }
  74   1      }
  75          /*------------------------------------------------
  76                              主函数
  77          ------------------------------------------------*/
  78          main()
  79          {
  80   1       unsigned int i=512;//旋转一周时间
  81   1       unsigned char num;
  82   1       Init_Timer0();
  83   1       Coil_OFF
  84   1       while(1)  //正向
  85   1        { 
  86   2         num=KeyScan();    //循环调用按键扫描
  87   2         if(num==1)//第一个按键,速度等级增加
  88   2            {
  89   3                 if(Speed<18)
  90   3                 Speed++;
  91   3                }     
  92   2         else if(num==2)//第二个按键，速度等级减小
  93   2            {
  94   3                 if(Speed>1)
  95   3                 Speed--;
  96   3                }     
  97   2         else if(num==3)
  98   2           {
  99   3            Coil_OFF
 100   3                StopFlag=1;
 101   3                }
 102   2         else if(num==4)
 103   2           {
 104   3                StopFlag=0;
 105   3                }
 106   2        TempData[0]=dofly_DuanMa[Speed/10];//分解显示信息，如要显示68，则68/10=6  68%10=8  
 107   2        TempData[1]=dofly_DuanMa[Speed%10];
 108   2        }
 109   1      }
 110          
 111          /*------------------------------------------------
 112           显示函数，用于动态扫描数码管
 113           输入参数 FirstBit 表示需要显示的第一位，如赋值2表示从第三个数码管开始显示
 114           如输入0表示从第一个显示。
 115           Num表示需要显示的位数，如需要显示99两位数值则该值输入2
 116          ------------------------------------------------*/
C51 COMPILER V8.02   MAIN                                                                  02/22/2013 10:21:39 PAGE 3   

 117          void Display(unsigned char FirstBit,unsigned char Num)
 118          {
 119   1            static unsigned char i=0;
 120   1                
 121   1      
 122   1                 DataPort=0;   //清空数据，防止有交替重影
 123   1             LATCH1=1;     //段锁存
 124   1             LATCH1=0;
 125   1      
 126   1             DataPort=dofly_WeiMa[i+FirstBit]; //取位码 
 127   1             LATCH2=1;     //位锁存
 128   1             LATCH2=0;
 129   1      
 130   1             DataPort=TempData[i]; //取显示数据，段码
 131   1             LATCH1=1;     //段锁存
 132   1             LATCH1=0;
 133   1             
 134   1                 i++;
 135   1             if(i==Num)
 136   1                    i=0;
 137   1      
 138   1      
 139   1      }
 140          /*------------------------------------------------
 141                              定时器初始化子程序
 142          ------------------------------------------------*/
 143          void Init_Timer0(void)
 144          {
 145   1       TMOD |= 0x01;    //使用模式1，16位定时器，使用"|"符号可以在使用多个定时器时不受影响                 
 146   1       //TH0=0x00;          //给定初值
 147   1       //TL0=0x00;
 148   1       EA=1;            //总中断打开
 149   1       ET0=1;           //定时器中断打开
 150   1       TR0=1;           //定时器开关打开
 151   1       PT0=1;           //优先级打开
 152   1      }
 153          /*------------------------------------------------
 154                           定时器中断子程序
 155          ------------------------------------------------*/
 156          void Timer0_isr(void) interrupt 1 
 157          {
 158   1       static unsigned char times,i;
 159   1       TH0=(65536-1000)/256;            //重新赋值 1ms
 160   1       TL0=(65536-1000)%256;
 161   1       
 162   1       Display(0,8);
 163   1       if(!StopFlag)
 164   1         {
 165   2        if(times==(20-Speed))//最大值18，所以最小间隔值20-18=2
 166   2         {
 167   3         times=0;
 168   3         switch(i)
 169   3             {
 170   4                  case 0:Coil_A1;i++;break;
 171   4                      case 1:Coil_B1;i++;break;
 172   4                      case 2:Coil_C1;i++;break;
 173   4                      case 3:Coil_D1;i++;break;
 174   4                      case 4:i=0;break;
 175   4                  default:break;
 176   4                 }
 177   3          }
 178   2       times++;
C51 COMPILER V8.02   MAIN                                                                  02/22/2013 10:21:39 PAGE 4   

 179   2        }
 180   1      }
 181          
 182          /*------------------------------------------------
 183          按键扫描函数，返回扫描键值
 184          ------------------------------------------------*/
 185          unsigned char KeyScan(void)
 186          {
 187   1       unsigned char keyvalue;
 188   1       if(KeyPort!=0xff)
 189   1         {
 190   2          DelayMs(10);
 191   2          if(KeyPort!=0xff)
 192   2                 {
 193   3                  keyvalue=KeyPort;
 194   3                  while(KeyPort!=0xff);
 195   3                      switch(keyvalue)
 196   3                      {
 197   4                       case 0xfe:return 1;break;
 198   4                       case 0xfd:return 2;break;
 199   4                       case 0xfb:return 3;break;
 200   4                       case 0xf7:return 4;break;
 201   4                       case 0xef:return 5;break;
 202   4                       case 0xdf:return 6;break;
 203   4                       case 0xbf:return 7;break;
 204   4                       case 0x7f:return 8;break;
 205   4                       default:return 0;break;
 206   4                      }
 207   3                }
 208   2         }
 209   1         return 0;
 210   1      }
 211          


MODULE INFORMATION:   STATIC OVERLAYABLE
   CODE SIZE        =    376    ----
   CONSTANT SIZE    =     18    ----
   XDATA SIZE       =   ----    ----
   PDATA SIZE       =   ----    ----
   DATA SIZE        =     12       2
   IDATA SIZE       =   ----    ----
   BIT SIZE         =      1    ----
END OF MODULE INFORMATION.


C51 COMPILATION COMPLETE.  0 WARNING(S),  0 ERROR(S)
