C51 COMPILER V8.02   GUANGGAOXIAOGUO                                                       12/26/2012 14:58:39 PAGE 1   


C51 COMPILER V8.02, COMPILATION OF MODULE GUANGGAOXIAOGUO
OBJECT MODULE PLACED IN guanggaoxiaoguo.OBJ
COMPILER INVOKED BY: D:\单片机\Keil Uvision3破解版\C51\BIN\C51.EXE guanggaoxiaoguo.c BROWSE DEBUG OBJECTEXTEND

line level    source

   1          /**********************SY-1实验开发板例程************************
   2          *  平台：SY-1+STC89C52
   3          *  名称：模拟广告牌的字体流动显示。
   4                            含有两个显示函数，一个为一次在任意位显示任意数字，
   5                            一个为一次显示六个不同数字。
   6          *  公司：思源电子科技有限公司
   7          *  编写：思源
   8          *  日期：2012-12-25
   9          *   QQ : 936559219
  10          *  晶振:11.0592MHZ
  11          ******************************************************************/
  12          #include<reg51.h>
  13          
  14          #define uchar unsigned char
  15          
  16          uchar a=0,b=1,c=2,d=3,e=4,f=5,temp,key,k,m,n;
  17          unsigned long i,j;
  18          
  19          sbit dula=P2^6;
  20          sbit wela=P2^7;
  21          sbit beep=P2^3;
  22          
  23          unsigned char code table[]={0x3f,0x06,0x5b,0x4f,0x66,0x6d,0x7d,
  24                                  0x07,0x7f,0x6f,0x77,0x7c,0x39,0x5e,0x79,0x71,0x00};
  25                                                           //最后一个0x00代表无显示。
  26          void delay(unsigned long i)
  27          {
  28   1              for(j=i;j>0;j--)
  29   1              for(k=125;k>0;k--);
  30   1      }
  31          
  32          void display(uchar wei,uchar shu)//在任意一位显示任意的数字
  33          {
  34   1         dula=0;
  35   1         P0=table[shu];
  36   1         dula=1;
  37   1         dula=0;
  38   1         
  39   1         wela=0;
  40   1         switch(wei)
  41   1         {
  42   2              case 1:
  43   2                              P0=0xfe;
  44   2                              wela=1;
  45   2                              wela=0;
  46   2                              delay(5);
  47   2                              break;
  48   2              case 2:
  49   2                              P0=0xfd;
  50   2                         wela=1;
  51   2                         wela=0;
  52   2                         delay(5);
  53   2                         break;
  54   2         case 3:
  55   2                         P0=0xfb;
C51 COMPILER V8.02   GUANGGAOXIAOGUO                                                       12/26/2012 14:58:39 PAGE 2   

  56   2                         wela=1;
  57   2                         wela=0;
  58   2                         delay(5);
  59   2                         break;
  60   2         case 4:           
  61   2                         P0=0xf7;
  62   2                         wela=1;
  63   2                         wela=0;
  64   2                         delay(5);
  65   2                         break;
  66   2         case 5:
  67   2                         P0=0xef;
  68   2                         wela=1;
  69   2                         wela=0;
  70   2                         delay(5);
  71   2                         break;
  72   2         case 6:
  73   2                         P0=0xdf;
  74   2                         wela=1;
  75   2                         wela=0;
  76   2                         delay(5);
  77   2                         break;
  78   2         }
  79   1      }
  80          void display0(uchar a,uchar b,uchar c,uchar d,uchar e,uchar f)
  81          {                                                 //一次显示六个数字，且每位显示数字可自定。
  82   1         dula=0;
  83   1         P0=table[a];
  84   1         dula=1;
  85   1         dula=0;
  86   1         
  87   1         wela=0;
  88   1         P0=0xfe;
  89   1         wela=1;
  90   1         wela=0;
  91   1         delay(5);
  92   1         
  93   1         P0=table[b];
  94   1         dula=1;
  95   1         dula=0;
  96   1         
  97   1         P0=0xfd;
  98   1         wela=1;
  99   1         wela=0;
 100   1         delay(5);
 101   1      
 102   1         P0=table[c];
 103   1         dula=1;
 104   1         dula=0;
 105   1         
 106   1         P0=0xfb;
 107   1         wela=1;
 108   1         wela=0;
 109   1         delay(5);
 110   1         
 111   1         P0=table[d];
 112   1         dula=1;
 113   1         dula=0;
 114   1         
 115   1         P0=0xf7;
 116   1         wela=1;
 117   1         wela=0;
C51 COMPILER V8.02   GUANGGAOXIAOGUO                                                       12/26/2012 14:58:39 PAGE 3   

 118   1         delay(5);
 119   1         
 120   1         P0=table[e];
 121   1         dula=1;
 122   1         dula=0;
 123   1         
 124   1         P0=0xef;
 125   1         wela=1;
 126   1         wela=0;
 127   1         delay(5);
 128   1         
 129   1         P0=table[f];
 130   1         dula=1;
 131   1         dula=0;
 132   1         
 133   1         P0=0xdf;
 134   1         wela=1;
 135   1         wela=0;
 136   1         delay(5);
 137   1      }
 138            
 139            void main()
 140            {
 141   1              while(1)
 142   1              {                        
 143   2                      display(6,0);                            //一次只有一位在显示
 144   2                      delay(500);
 145   2                      display(5,0);
 146   2                      delay(500);
 147   2                      display(4,0);
 148   2                      delay(500);
 149   2                      display(3,0);
 150   2                      delay(500);
 151   2                      display(2,0);
 152   2                      delay(500);
 153   2                      display(1,0);
 154   2                      delay(500);
 155   2                      display(6,1);
 156   2                      delay(500);
 157   2                      display(5,1);
 158   2                      delay(500);
 159   2                      display(4,1);
 160   2                      delay(500);
 161   2                      display(3,1);
 162   2                      delay(500);
 163   2                      display(2,1);
 164   2                      delay(500);
 165   2                      display(6,2);
 166   2                      delay(500);
 167   2                      display(5,2);
 168   2                      delay(500);
 169   2                      display(4,2);
 170   2                      delay(500);
 171   2                      display(3,2);
 172   2                      delay(500);
 173   2                      display(6,3);
 174   2                      delay(500);
 175   2                      display(5,3);
 176   2                      delay(500);
 177   2                      display(4,3);
 178   2                      delay(500);
 179   2                      display(6,4);
C51 COMPILER V8.02   GUANGGAOXIAOGUO                                                       12/26/2012 14:58:39 PAGE 4   

 180   2                      delay(500);
 181   2                      display(5,4);
 182   2                      delay(500);
 183   2                      display(6,5);
 184   2                      delay(500);        
 185   2                      for(m=50;m>0;m--)                 //借助一次显示六位函数实现
 186   2                      {
 187   3                      display0(16,16,16,16,16,0);             //16代表无显示
 188   3                      delay(2);
 189   3                      }
 190   2                      for(m=50;m>0;m--)
 191   2                      {
 192   3                      display0(16,16,16,16,0,16);
 193   3                      delay(2);
 194   3                      }
 195   2                      for(m=50;m>0;m--)
 196   2                      {
 197   3                      display0(16,16,16,0,16,16);
 198   3                      delay(2);
 199   3                      }
 200   2                      for(m=50;m>0;m--)
 201   2                      {
 202   3                      display0(16,16,0,16,16,16);
 203   3                      delay(2);
 204   3                      }
 205   2                      for(m=50;m>0;m--)
 206   2                      {
 207   3                      display0(16,0,16,16,16,16);
 208   3                      delay(2);
 209   3                      }
 210   2                      for(m=50;m>0;m--)
 211   2                      {
 212   3                      display0(0,16,16,16,16,16);
 213   3                      delay(2);
 214   3                      }
 215   2                      for(m=50;m>0;m--)
 216   2                      {
 217   3                      display0(0,16,16,16,16,1);
 218   3                      delay(2);
 219   3                      }
 220   2                      for(m=50;m>0;m--)
 221   2                      {
 222   3                      display0(0,16,16,16,1,16);
 223   3                      delay(2);
 224   3                      }
 225   2                      for(m=50;m>0;m--)
 226   2                      {
 227   3                      display0(0,16,16,1,16,16);
 228   3                      delay(2);
 229   3                      }
 230   2                      for(m=50;m>0;m--)
 231   2                      {
 232   3                      display0(0,16,1,16,16,16);
 233   3                      delay(2);
 234   3                      }
 235   2                      for(m=50;m>0;m--)
 236   2                      {
 237   3                      display0(0,1,16,16,16,16);
 238   3                      delay(2);
 239   3                      }
 240   2                      for(m=50;m>0;m--)
 241   2                      {
C51 COMPILER V8.02   GUANGGAOXIAOGUO                                                       12/26/2012 14:58:39 PAGE 5   

 242   3                      display0(0,1,16,16,16,2);
 243   3                      delay(2);
 244   3                      }
 245   2                      for(m=50;m>0;m--)
 246   2                      {
 247   3                      display0(0,1,16,16,2,16);
 248   3                      delay(2);
 249   3                      }
 250   2                      for(m=50;m>0;m--)
 251   2                      {
 252   3                      display0(0,1,16,2,16,16);
 253   3                      delay(2);
 254   3                      }
 255   2                      for(m=50;m>0;m--)
 256   2                      {
 257   3                      display0(0,1,2,16,16,16);
 258   3                      delay(2);
 259   3                      }
 260   2                      for(m=50;m>0;m--)
 261   2                      {
 262   3                      display0(0,1,2,16,16,3);
 263   3                      delay(2);
 264   3                      }
 265   2                      for(m=50;m>0;m--)
 266   2                      {
 267   3                      display0(0,1,2,16,3,16);
 268   3                      delay(2);                  
 269   3                      }
 270   2                      for(m=50;m>0;m--)
 271   2                      {
 272   3                      display0(0,1,2,3,16,16);
 273   3                      delay(2);
 274   3                      }
 275   2                      for(m=50;m>0;m--)
 276   2                      {
 277   3                      display0(0,1,2,3,16,4);
 278   3                      delay(2);
 279   3                      }
 280   2                      for(m=50;m>0;m--)
 281   2                      {
 282   3                      display0(0,1,2,3,4,16);
 283   3                      delay(2);
 284   3                      }
 285   2                      for(m=50;m>0;m--)
 286   2                      {
 287   3                      display0(0,1,2,3,4,5);
 288   3                      delay(2);
 289   3                      }
 290   2                      for(n=4;n>0;n--)         //闪烁
 291   2                      {
 292   3                              for(m=100;m>0;m--)
 293   3                              {
 294   4                                      display0(0,1,2,3,4,5);
 295   4                              }
 296   3                              for(m=100;m>0;m--)
 297   3                              {
 298   4                                      display0(16,16,16,16,16,16);
 299   4                              }
 300   3                      }
 301   2              }
 302   1      }

C51 COMPILER V8.02   GUANGGAOXIAOGUO                                                       12/26/2012 14:58:39 PAGE 6   


MODULE INFORMATION:   STATIC OVERLAYABLE
   CODE SIZE        =   1282    ----
   CONSTANT SIZE    =     17    ----
   XDATA SIZE       =   ----    ----
   PDATA SIZE       =   ----    ----
   DATA SIZE        =     19       6
   IDATA SIZE       =   ----    ----
   BIT SIZE         =   ----    ----
END OF MODULE INFORMATION.


C51 COMPILATION COMPLETE.  0 WARNING(S),  0 ERROR(S)
