C51 COMPILER V8.02   CLOCK                                                                 12/27/2012 10:14:56 PAGE 1   


C51 COMPILER V8.02, COMPILATION OF MODULE CLOCK
OBJECT MODULE PLACED IN clock.OBJ
COMPILER INVOKED BY: D:\单片机\Keil Uvision3破解版\C51\BIN\C51.EXE clock.c BROWSE DEBUG OBJECTEXTEND

line level    source

   1          /**********************SY-1实验开发板例程************************
   2          *  平台：SY-1+STC89C52
   3          *  名称：钟表
   4          *  公司：思源电子科技有限公司
   5          *  编写：思源
   6          *  日期：2012-12-25
   7          *   QQ : 936559219
   8          *  晶振:11.0592MHZ
   9          ******************************************************************/
  10          #include<reg51.h>
  11          
  12          #define uchar unsigned char
  13          
  14          sbit dula=P2^6;
  15          sbit wela=P2^7;
  16          sbit beep=P2^3;
  17          unsigned char j,k,a1,a0,b1,b0,c1,c0,s,f,m,key=10,temp,qq;
  18          uchar shi20,shi10,fen20,fen10,miao20,miao10,new,ok=1,wei;
  19          unsigned int pp;
  20          unsigned char code table[]={0x3f,0x06,0x5b,0x4f,0x66,0x6d,0x7d,
  21                                  0x07,0x7f,0x6f,0x77,0x7c,0x39,0x5e,0x79,0x71};
  22          
  23          void delay(unsigned char i)
  24          {
  25   1        for(j=i;j>0;j--)
  26   1          for(k=125;k>0;k--);
  27   1      }
  28          void display(uchar shi2,uchar shi1,uchar fen2,uchar fen1,uchar miao2,uchar miao1)
  29          {
  30   1         dula=0;
  31   1         P0=table[shi2];
  32   1         dula=1;
  33   1         dula=0;
  34   1         
  35   1         wela=0;
  36   1         P0=0xfe;
  37   1         wela=1;
  38   1         wela=0;
  39   1         delay(5);
  40   1         
  41   1         P0=table[shi1]|0x80;
  42   1         dula=1;
  43   1         dula=0;
  44   1         
  45   1         P0=0xfd;
  46   1         wela=1;
  47   1         wela=0;
  48   1         delay(5);
  49   1      
  50   1         P0=table[fen2];
  51   1         dula=1;
  52   1         dula=0;
  53   1         
  54   1         P0=0xfb;
  55   1         wela=1;
C51 COMPILER V8.02   CLOCK                                                                 12/27/2012 10:14:56 PAGE 2   

  56   1         wela=0;
  57   1         delay(5);
  58   1         
  59   1         P0=table[fen1]|0x80;
  60   1         dula=1;
  61   1         dula=0;
  62   1         
  63   1         P0=0xf7;
  64   1         wela=1;
  65   1         wela=0;
  66   1         delay(5);
  67   1         
  68   1         P0=table[miao2];
  69   1         dula=1;
  70   1         dula=0;
  71   1         
  72   1         P0=0xef;
  73   1         wela=1;
  74   1         wela=0;
  75   1         delay(5);
  76   1         
  77   1         P0=table[miao1];
  78   1         dula=1;
  79   1         dula=0;
  80   1         
  81   1         P0=0xdf;
  82   1         wela=1;
  83   1         wela=0;
  84   1         delay(5);
  85   1      }
  86          
  87          void keyscan0()
  88          {
  89   1          P3=0xfb;
  90   1          temp=P3;
  91   1          temp=temp&0xf0;
  92   1          if(temp!=0xf0)
  93   1          {
  94   2            delay(10);
  95   2            if(temp!=0xf0)
  96   2            {
  97   3              temp=P3;
  98   3              switch(temp)
  99   3              {
 100   4                case 0xbb:
 101   4                     ok=0;
 102   4                     break;
 103   4      
 104   4                case 0x7b:
 105   4                     ok=1;
 106   4                     break;
 107   4               }
 108   3            }
 109   2            } 
 110   1      }
 111          
 112          
 113          void keyscan()
 114          {
 115   1        {     
 116   2          P3=0xfe;
 117   2          temp=P3;
C51 COMPILER V8.02   CLOCK                                                                 12/27/2012 10:14:56 PAGE 3   

 118   2          temp=temp&0xf0;
 119   2          if(temp!=0xf0)
 120   2          {
 121   3            delay(10);
 122   3            if(temp!=0xf0)
 123   3            { 
 124   4              temp=P3;
 125   4              switch(temp)
 126   4              {
 127   5                case 0xee:
 128   5                     key=0;
 129   5                                 wei++;
 130   5                     break;
 131   5      
 132   5                case 0xde:
 133   5                     key=1;
 134   5                                 wei++;
 135   5                     break;
 136   5      
 137   5                case 0xbe:
 138   5                     key=2;
 139   5                                 wei++;
 140   5                     break;
 141   5      
 142   5                case 0x7e:
 143   5                     key=3;
 144   5                                 wei++;
 145   5                     break;
 146   5               }
 147   4               while(temp!=0xf0) 
 148   4              {
 149   5                 temp=P3;
 150   5                 temp=temp&0xf0;
 151   5                 beep=0;
 152   5               }
 153   4               beep=1;
 154   4            }
 155   3          }
 156   2          P3=0xfd;
 157   2          temp=P3;
 158   2          temp=temp&0xf0;
 159   2          if(temp!=0xf0)
 160   2          {
 161   3            delay(10);
 162   3            if(temp!=0xf0)
 163   3            {
 164   4              temp=P3;
 165   4              switch(temp)
 166   4              {
 167   5                case 0xed:
 168   5                     key=4;
 169   5                                 wei++;
 170   5                     break;
 171   5      
 172   5                case 0xdd:
 173   5                     key=5;
 174   5                                 wei++;
 175   5                     break;
 176   5      
 177   5                case 0xbd:
 178   5                     key=6;
 179   5                                 wei++;
C51 COMPILER V8.02   CLOCK                                                                 12/27/2012 10:14:56 PAGE 4   

 180   5                     break;
 181   5      
 182   5                case 0x7d:
 183   5                     key=7;
 184   5                                 wei++;
 185   5                     break;
 186   5               }
 187   4               while(temp!=0xf0)
 188   4               {
 189   5                 temp=P3;
 190   5                 temp=temp&0xf0;
 191   5                 beep=0;
 192   5               }
 193   4               beep=1;
 194   4            }
 195   3            }
 196   2          P3=0xfb;
 197   2          temp=P3;
 198   2          temp=temp&0xf0;
 199   2          if(temp!=0xf0)
 200   2          {
 201   3            delay(10);
 202   3            if(temp!=0xf0)
 203   3            {
 204   4              temp=P3;
 205   4              switch(temp)
 206   4              {
 207   5                case 0xeb:
 208   5                     key=8;
 209   5                                 wei++;
 210   5                     break;
 211   5      
 212   5                case 0xdb:
 213   5                     key=9;
 214   5                                 wei++;
 215   5                     break;
 216   5               }
 217   4              while(temp!=0xf0)
 218   4               {
 219   5                 temp=P3;
 220   5                 temp=temp&0xf0;
 221   5                 beep=0;
 222   5               }
 223   4               beep=1;
 224   4            }
 225   3            }
 226   2      }
 227   1      }
 228          
 229          void main()
 230          {
 231   1              TMOD=0x01;
 232   1      
 233   1              TH0=(65536-46080)/256;// 由于晶振为11.0592,故所记次数应为46080，计时器每隔50000微秒发起一次中断。
 234   1              TL0=(65536-46080)%256;//46080的来历，为50000*11.0592/12
 235   1              ET0=1;
 236   1              EA=1;
 237   1              
 238   1              while(1)
 239   1              {       keyscan0();
 240   2                      
 241   2                      if(ok==1)
C51 COMPILER V8.02   CLOCK                                                                 12/27/2012 10:14:56 PAGE 5   

 242   2                      {       TR0=1;
 243   3                              wei=0;
 244   3                      
 245   3                      if(pp==20)
 246   3                      {       pp=0;
 247   4                              m++;
 248   4                              if(m==60)
 249   4                              {
 250   5                                      m=0;
 251   5                                      f++;
 252   5                                      if(f==60)
 253   5                                      {
 254   6                                              f=0;
 255   6                                              s++;
 256   6                                              if(s==24)  //为24h一个循环，若要12h，只需在此改为12即可。
 257   6                                              {
 258   7                                                      s=0;
 259   7                                              }
 260   6                                      }
 261   5                              }
 262   4                      }
 263   3                      
 264   3                      a0=s%10;
 265   3                      a1=s/10;
 266   3                      b0=f%10;
 267   3                      b1=f/10;
 268   3                      c0=m%10;
 269   3                      c1=m/10;
 270   3                      display(a1,a0,b1,b0,c1,c0);
 271   3              }
 272   2              else
 273   2              {       TR0=0;
 274   3                      keyscan();
 275   3                      if(key!=10)
 276   3                      {
 277   4                      
 278   4                      switch(wei)
 279   4                      {
 280   5                              case 1: if(key<3)               //小时最高位为2
 281   5                                              a1=key;
 282   5                                              else
 283   5                                              wei--;
 284   5                                              break;
 285   5                              case 2: if(a1==1|a1==0)
 286   5                                              a0=key;
 287   5                                              else
 288   5                                              if(key<5)
 289   5                                              a0=key;            //当小时最高位为2时，低位最高为4
 290   5                                              break;
 291   5                              case 3: if(key<7)               //分钟最高位为6
 292   5                                              b1=key;
 293   5                                              else
 294   5                                              wei--;
 295   5                                              break;
 296   5                              case 4: b0=key; break;
 297   5                              case 5: if(key<7)               //秒最高位为6
 298   5                                              c1=key; 
 299   5                                              else
 300   5                                              wei--;
 301   5                                              break;
 302   5                              case 6: c0=key; break;
 303   5                      }
C51 COMPILER V8.02   CLOCK                                                                 12/27/2012 10:14:56 PAGE 6   

 304   4                      key=10;
 305   4                      }
 306   3                              m=c1*10+c0;
 307   3                              f=b1*10+b0;
 308   3                              s=a1*10+a0;
 309   3                      display(a1,a0,b1,b0,c1,c0);
 310   3              }       
 311   2              }
 312   1      }
 313          
 314          void time0() interrupt 1
 315          {       TH0=(65536-46080)/256;
 316   1              TL0=(65536-46080)%256;
 317   1              pp++;
 318   1      }


MODULE INFORMATION:   STATIC OVERLAYABLE
   CODE SIZE        =    759    ----
   CONSTANT SIZE    =     16    ----
   XDATA SIZE       =   ----    ----
   PDATA SIZE       =   ----    ----
   DATA SIZE        =     25       6
   IDATA SIZE       =   ----    ----
   BIT SIZE         =   ----    ----
END OF MODULE INFORMATION.


C51 COMPILATION COMPLETE.  0 WARNING(S),  0 ERROR(S)
