C51 COMPILER V8.02   XIANSHI                                                               12/26/2012 14:51:43 PAGE 1   


C51 COMPILER V8.02, COMPILATION OF MODULE XIANSHI
OBJECT MODULE PLACED IN xianshi.OBJ
COMPILER INVOKED BY: D:\单片机\Keil Uvision3破解版\C51\BIN\C51.EXE xianshi.c BROWSE DEBUG OBJECTEXTEND

line level    source

   1          /**********************SY-1实验开发板例程************************
   2          *  平台：SY-1+STC89C52
   3          *  名称：学习板上的六位数码管显示任意一个百万以下的整数
   4                             程序中的变量num就是被显示的整数（原程序中num=87530）
   5          *  公司：思源电子科技有限公司
   6          *  编写：思源
   7          *  日期：2012-12-25
   8          *   QQ : 936559219
   9          *  晶振:11.0592MHZ
  10          ******************************************************************/
  11          
  12          
  13          #include<reg52.h>
  14          
  15          #define uchar unsigned char 
  16          unsigned long num;
  17          uchar j,k;
  18          uchar a0,b0,c0,d0,e0,f0;
  19          sbit dula=P2^6;
  20          sbit wela=P2^7;
  21          unsigned char code table[]={0x3f,0x06,0x5b,0x4f,0x66,0x6d,0x7d,
  22                                  0x07,0x7f,0x6f,0x77,0x7c,0x39,0x5e,0x79,0x71,0x00};
  23          
  24          void delay(uchar i)
  25          {
  26   1              for(j=i;j>0;j--)
  27   1              for(k=125;k>0;k--);
  28   1      }
  29          
  30          void display(uchar a,uchar b,uchar c,uchar d,uchar e,uchar f)
  31          {
  32   1         dula=0;
  33   1         P0=table[a];
  34   1         dula=1;
  35   1         dula=0;
  36   1         
  37   1         wela=0;
  38   1         P0=0xfe;
  39   1         wela=1;
  40   1         wela=0;
  41   1         delay(5);
  42   1         
  43   1         P0=table[b];
  44   1         dula=1;
  45   1         dula=0;
  46   1         
  47   1         P0=0xfd;
  48   1         wela=1;
  49   1         wela=0;
  50   1         delay(5);
  51   1      
  52   1         P0=table[c];
  53   1         dula=1;
  54   1         dula=0;
  55   1         
C51 COMPILER V8.02   XIANSHI                                                               12/26/2012 14:51:43 PAGE 2   

  56   1         P0=0xfb;
  57   1         wela=1;
  58   1         wela=0;
  59   1         delay(5);
  60   1         
  61   1         P0=table[d];
  62   1         dula=1;
  63   1         dula=0;
  64   1         
  65   1         P0=0xf7;
  66   1         wela=1;
  67   1         wela=0;
  68   1         delay(5);
  69   1         
  70   1         P0=table[e];
  71   1         dula=1;
  72   1         dula=0;
  73   1         
  74   1         P0=0xef;
  75   1         wela=1;
  76   1         wela=0;
  77   1         delay(5);
  78   1         
  79   1         P0=table[f];
  80   1         dula=1;
  81   1         dula=0;
  82   1         
  83   1         P0=0xdf;
  84   1         wela=1;
  85   1         wela=0;
  86   1         delay(5);
  87   1      }
  88          
  89          void main()
  90          {
  91   1              num=87530;//这个是被显示的整数，只要不超过六位，均可显示出来。
  92   1                              //同学们可以随意更改这个num变量的值试验下。
  93   1              while(1)
  94   1              {
  95   2              
  96   2              if(num<10)
  97   2              {
  98   3                      a0=num;b0=16;c0=16;d0=16;e0=16;f0=16;
  99   3              }
 100   2              else
 101   2              {
 102   3                      if(num<100)
 103   3                      {a0=num/10;b0=num%10;c0=16;d0=16;e0=16;f0=16;}
 104   3                      else
 105   3                      {
 106   4                              if(num<1000)
 107   4                              {a0=num/100;b0=num%100/10;c0=num%10;d0=16;e0=16;f0=16;}
 108   4                              else
 109   4                              {
 110   5                                      if(num<10000)
 111   5                                      {a0=num/1000;b0=num%1000/100;c0=num%100/10;d0=num%10;e0=16;f0=16;}
 112   5                                      else
 113   5                                      {
 114   6                                              if(num<100000)
 115   6                                              {a0=num/10000;b0=num%10000/1000;c0=num%1000/100;d0=num%100/10;e0=num%10;f0=16;}
 116   6                                              else
 117   6                                              {
C51 COMPILER V8.02   XIANSHI                                                               12/26/2012 14:51:43 PAGE 3   

 118   7                                                      if(num<1000000)
 119   7                                                      {a0=num/100000;b0=num%100000/10000;c0=num%10000/1000;d0=num%1000/100;e0=num%100/10;f0=num%10;}
 120   7                                              }
 121   6                                      }
 122   5                              }
 123   4                      }
 124   3              }
 125   2              display(a0,b0,c0,d0,e0,f0);
 126   2              }
 127   1      }


MODULE INFORMATION:   STATIC OVERLAYABLE
   CODE SIZE        =    896    ----
   CONSTANT SIZE    =     17    ----
   XDATA SIZE       =   ----    ----
   PDATA SIZE       =   ----    ----
   DATA SIZE        =     12       6
   IDATA SIZE       =   ----    ----
   BIT SIZE         =   ----    ----
END OF MODULE INFORMATION.


C51 COMPILATION COMPLETE.  0 WARNING(S),  0 ERROR(S)
