C51 COMPILER V8.02   YIDENGSHANSHUO                                                        12/25/2011 11:40:33 PAGE 1   


C51 COMPILER V8.02, COMPILATION OF MODULE YIDENGSHANSHUO
OBJECT MODULE PLACED IN yidengshanshuo.OBJ
COMPILER INVOKED BY: D:\单片机\Keil Uvision3破解版\C51\BIN\C51.EXE yidengshanshuo.c BROWSE DEBUG OBJECTEXTEND

line level    source

   1          /**********************SY-1实验开发板例程************************
   2          *  平台：SY-1+STC89C52
   3          *  名称：让灯闪烁十次后停止
   4          *  公司：思源电子科技有限公司
   5          *  编写：思源
   6          *  日期：2012-12-25
   7          *   QQ : 936559219
   8          *  晶振:11.0592MHZ
   9          ******************************************************************/
  10          #include <reg51.h>
  11          
  12          sbit led=P1^0;
  13          
  14          void delay(unsigned int i)
  15          {
  16   1              unsigned int j;
  17   1              unsigned char k;
  18   1              for(j=i;j>0;j--)
  19   1                      for(k=125;k>0;k--);
  20   1      }
  21          
  22          void main()
  23          {
  24   1              unsigned char m;
  25   1              for(m=20;m>0;m--)
  26   1              {
  27   2                      led=~led;       //没隔一段时间即对输出取反。
  28   2                      delay(3000); //闪烁间隔。
  29   2              }
  30   1              while(1); //闪烁十次后，到此不再闪烁。
  31   1      }


MODULE INFORMATION:   STATIC OVERLAYABLE
   CODE SIZE        =     36    ----
   CONSTANT SIZE    =   ----    ----
   XDATA SIZE       =   ----    ----
   PDATA SIZE       =   ----    ----
   DATA SIZE        =   ----    ----
   IDATA SIZE       =   ----    ----
   BIT SIZE         =   ----    ----
END OF MODULE INFORMATION.


C51 COMPILATION COMPLETE.  0 WARNING(S),  0 ERROR(S)
