C51 COMPILER V8.02   DINGSHIQI                                                             12/27/2012 10:14:03 PAGE 1   


C51 COMPILER V8.02, COMPILATION OF MODULE DINGSHIQI
OBJECT MODULE PLACED IN dingshiqi.OBJ
COMPILER INVOKED BY: D:\单片机\Keil Uvision3破解版\C51\BIN\C51.EXE dingshiqi.c BROWSE DEBUG OBJECTEXTEND

line level    source

   1          /**********************SY-1实验开发板例程************************
   2          *  平台：SY-1+STC89C52
   3          *  名称：本程序演示用定时器的方法产生一PWM方波，其周期为1ms(0.001s，1KHz)；
   4                                  占空比为1/5(高电平持续200us)。若产生其他参数的PWM波，只需更改
   5                                  程序中的相关参数即可。（同学们也可试着设计可调的PWM输出）
   6                                  pwm波由P1^0口输出。可观察到其对应发光二极管在闪烁
   7                                  （熄灭持续时间为200us，点亮持续时间为800us，闪烁周期为1ms）
   8          *  公司：思源电子科技有限公司
   9          *  编写：思源
  10          *  日期：2012-12-25
  11          *   QQ : 936559219
  12          *  晶振:11.0592MHZ
  13          ******************************************************************/
  14          
  15          #include<reg52.h>
  16          
  17          #define uint unsigned int 
  18          uint pp;
  19          
  20          sbit pwm=P1^0;
  21          
  22          void main()
  23          {
  24   1              TMOD=0x01;               //模式设置，00000001，可见采用的是定时器0，工作与模式1（M1=0，M0=1）。
  25   1              TR0=1;                   //打开定时器
  26   1              TH0=0Xff;                //定时器设置，每隔100微秒发起一次中断。
  27   1              TL0=0Xa4;
  28   1              ET0=1;                   //开定时器0中断
  29   1              EA=1;                    //开总中断
  30   1              while(1)
  31   1              {
  32   2                      if(pp<=2)
  33   2                              pwm=1;
  34   2                      else
  35   2                              pwm=0;
  36   2                      if(pp==10)
  37   2                              pp=0;
  38   2              }
  39   1      }
  40          
  41          void time0() interrupt 1
  42          {       TH0=0Xff;
  43   1              TL0=0Xa4;
  44   1              pp++;
  45   1      }


MODULE INFORMATION:   STATIC OVERLAYABLE
   CODE SIZE        =     65    ----
   CONSTANT SIZE    =   ----    ----
   XDATA SIZE       =   ----    ----
   PDATA SIZE       =   ----    ----
   DATA SIZE        =      2    ----
   IDATA SIZE       =   ----    ----
   BIT SIZE         =   ----    ----
C51 COMPILER V8.02   DINGSHIQI                                                             12/27/2012 10:14:03 PAGE 2   

END OF MODULE INFORMATION.


C51 COMPILATION COMPLETE.  0 WARNING(S),  0 ERROR(S)
