C51 COMPILER V9.01   0                                                                     05/02/2016 15:30:32 PAGE 1   


C51 COMPILER V9.01, COMPILATION OF MODULE 0
OBJECT MODULE PLACED IN 0.OBJ
COMPILER INVOKED BY: E:\Program Files\Keil_v5\C51\BIN\C51.EXE 0.c BROWSE DEBUG OBJECTEXTEND TABS(2)

line level    source

   1          /**********************SY-1实验开发板例程************************
   2          *  平台：SY-1+STC89C52
   3          *名称：以独立按键中K1按键为例，示例独立键盘的使用方法。
   4                用led指示HL-1实验板键盘最下面一排左侧的K1键的状态。
   5                当按键按下时，led亮；松开后，灭。
   6          *  公司：思源电子科技有限公司
   7          *  编写：思源
   8          *  日期：2012-12-25
   9          *   QQ : 936559219
  10          *  晶振:11.0592MHZ
  11          ******************************************************************/
  12          
  13          
  14          #include<reg51.h>
  15          
  16          sbit k1=P1^0;
  17          sbit led=P2^4;
  18          
  19          void main()
  20          {
  21   1        while(1)       //通过大循环不断扫描按键状态
  22   1        {
  23   2          if(k1==0)
  24   2            led=0;
  25   2          else
  26   2            led=1;
  27   2        }
  28   1      }


MODULE INFORMATION:   STATIC OVERLAYABLE
   CODE SIZE        =     11    ----
   CONSTANT SIZE    =   ----    ----
   XDATA SIZE       =   ----    ----
   PDATA SIZE       =   ----    ----
   DATA SIZE        =   ----    ----
   IDATA SIZE       =   ----    ----
   BIT SIZE         =   ----    ----
END OF MODULE INFORMATION.


C51 COMPILATION COMPLETE.  0 WARNING(S),  0 ERROR(S)
