C51 COMPILER V8.02   0                                                                     12/26/2012 14:46:37 PAGE 1   


C51 COMPILER V8.02, COMPILATION OF MODULE 0
OBJECT MODULE PLACED IN 0.OBJ
COMPILER INVOKED BY: D:\单片机\Keil Uvision3破解版\C51\BIN\C51.EXE 0.c BROWSE DEBUG OBJECTEXTEND

line level    source

   1          /**********************SY-1实验开发板例程************************
   2          *  平台：SY-1+STC89C52
   3          *  名称：通过键盘采集所按下的数据，并在按下确定键（S17）后，将按下的键
   4                            组合为一整数。
   5                            按键功能
   6                           S6--S15 数字键0--9
   7                           S17 确定输入
   8          *  公司：思源电子科技有限公司
   9          *  编写：思源
  10          *  日期：2012-12-25
  11          *   QQ : 936559219
  12          *  晶振:11.0592MHZ
  13          ******************************************************************/
  14          
  15          #include<reg51.h>
  16          
  17          #define uchar unsigned char
  18          
  19          sbit dula=P2^6;
  20          sbit wela=P2^7;
  21          sbit beep=P2^3;
  22          
  23          uchar a=16,b=16,c=16,d=16,e=16,f=16;
  24          uchar wei,temp,key,ok;
  25          uchar s1,s2,s3,s4,s5,s6;
  26          unsigned long shu;
  27          
  28          unsigned char code table[]={0x3f,0x06,0x5b,0x4f,0x66,0x6d,0x7d,
  29                                  0x07,0x7f,0x6f,0x77,0x7c,0x39,0x5e,0x79,0x71,0x00};
  30          
  31          
  32          void delay(uchar i)
  33          {
  34   1              uchar j,k;
  35   1              for(j=i;j>0;j--)
  36   1              for(k=125;k>0;k--);
  37   1      }
  38          
  39          
  40          void keyscan()
  41          {
  42   1          P3=0xfe;
  43   1          temp=P3;
  44   1          temp=temp&0xf0;
  45   1          if(temp!=0xf0)
  46   1          {
  47   2            delay(10);
  48   2            if(temp!=0xf0)
  49   2            { 
  50   3              temp=P3;
  51   3              switch(temp)
  52   3              {
  53   4                case 0xee:
  54   4                     key=0;
  55   4                                 wei++;
C51 COMPILER V8.02   0                                                                     12/26/2012 14:46:37 PAGE 2   

  56   4                     break;
  57   4      
  58   4                case 0xde:
  59   4                     key=1;
  60   4                                 wei++;
  61   4                     break;
  62   4      
  63   4                case 0xbe:
  64   4                     key=2;
  65   4                                 wei++;
  66   4                     break;
  67   4      
  68   4                case 0x7e:
  69   4                     key=3;
  70   4                                 wei++;
  71   4                     break;
  72   4               }
  73   3               while(temp!=0xf0) 
  74   3              {
  75   4                 temp=P3;
  76   4                 temp=temp&0xf0;
  77   4                 beep=0;
  78   4               }
  79   3               beep=1;
  80   3            }
  81   2          }
  82   1          P3=0xfd;
  83   1          temp=P3;
  84   1          temp=temp&0xf0;
  85   1          if(temp!=0xf0)
  86   1          {
  87   2            delay(10);
  88   2            if(temp!=0xf0)
  89   2            {
  90   3              temp=P3;
  91   3              switch(temp)
  92   3              {
  93   4                case 0xed:
  94   4                     key=4;
  95   4                                 wei++;
  96   4                     break;
  97   4      
  98   4                case 0xdd:
  99   4                     key=5;
 100   4                                 wei++;
 101   4                     break;
 102   4      
 103   4                case 0xbd:
 104   4                     key=6;
 105   4                                 wei++;
 106   4                     break;
 107   4      
 108   4                case 0x7d:
 109   4                     key=7;
 110   4                                 wei++;
 111   4                     break;
 112   4               }
 113   3               while(temp!=0xf0)
 114   3               {
 115   4                 temp=P3;
 116   4                 temp=temp&0xf0;
 117   4                 beep=0;
C51 COMPILER V8.02   0                                                                     12/26/2012 14:46:37 PAGE 3   

 118   4               }
 119   3               beep=1;
 120   3            }
 121   2            }
 122   1          P3=0xfb;
 123   1          temp=P3;
 124   1          temp=temp&0xf0;
 125   1          if(temp!=0xf0)
 126   1          {
 127   2            delay(10);
 128   2            if(temp!=0xf0)
 129   2            {
 130   3              temp=P3;
 131   3              switch(temp)
 132   3              {
 133   4                case 0xeb:
 134   4                     key=8;
 135   4                                 wei++;
 136   4                     break;
 137   4      
 138   4                case 0xdb:
 139   4                     key=9;
 140   4                                 wei++;
 141   4                     break;
 142   4                         case 0x7b:
 143   4                     ok=1;
 144   4                                 //key=11;
 145   4                                 //wei++;
 146   4                     break;
 147   4               }
 148   3              while(temp!=0xf0)
 149   3               {
 150   4                 temp=P3;
 151   4                 temp=temp&0xf0;
 152   4                 beep=0;
 153   4               }
 154   3               beep=1;
 155   3            }
 156   2            }
 157   1      }
 158          
 159          
 160          void display(uchar a,uchar b,uchar c,uchar d,uchar e,uchar f)
 161          {
 162   1         dula=0;
 163   1         P0=table[a];
 164   1         dula=1;
 165   1         dula=0;
 166   1         
 167   1         wela=0;
 168   1         P0=0xfe;
 169   1         wela=1;
 170   1         wela=0;
 171   1         delay(5);
 172   1         
 173   1         P0=table[b];
 174   1         dula=1;
 175   1         dula=0;
 176   1         
 177   1         P0=0xfd;
 178   1         wela=1;
 179   1         wela=0;
C51 COMPILER V8.02   0                                                                     12/26/2012 14:46:37 PAGE 4   

 180   1         delay(5);
 181   1      
 182   1         P0=table[c];
 183   1         dula=1;
 184   1         dula=0;
 185   1         
 186   1         P0=0xfb;
 187   1         wela=1;
 188   1         wela=0;
 189   1         delay(5);
 190   1         
 191   1         P0=table[d];
 192   1         dula=1;
 193   1         dula=0;
 194   1         
 195   1         P0=0xf7;
 196   1         wela=1;
 197   1         wela=0;
 198   1         delay(5);
 199   1         
 200   1         P0=table[e];
 201   1         dula=1;
 202   1         dula=0;
 203   1         
 204   1         P0=0xef;
 205   1         wela=1;
 206   1         wela=0;
 207   1         delay(5);
 208   1         
 209   1         P0=table[f];
 210   1         dula=1;
 211   1         dula=0;
 212   1         
 213   1         P0=0xdf;
 214   1         wela=1;
 215   1         wela=0;
 216   1         delay(5);
 217   1      }
 218          
 219          void main()
 220          {
 221   1              while(1)
 222   1              {
 223   2                      keyscan();
 224   2                      if(wei!=0)                                       //实时显示
 225   2                      {
 226   3                              switch(wei)
 227   3                              {
 228   4                                      case 1: a=key;s1=a; break;
 229   4                                      case 2: b=key;s2=b; break;
 230   4                                      case 3: c=key;s3=c; break;
 231   4                                      case 4: d=key;s4=d; break;
 232   4                                      case 5: e=key;s5=e; break;
 233   4                                      case 6: f=key;s6=f; break;
 234   4                              }
 235   3                      }
 236   2                      if(ok)                   //将采集到的单个数据转化为一个整数。
 237   2                      {       ok=0;
 238   3                              switch(wei)
 239   3                              {
 240   4                                      case 1: shu=s1; break;
 241   4                                      case 2: shu=s2+s1*10; break;
C51 COMPILER V8.02   0                                                                     12/26/2012 14:46:37 PAGE 5   

 242   4                                      case 3: shu=s3+s2*10+s1*100; break;
 243   4                                      case 4: shu=s4+s3*10+s2*100+s1*1000; break;
 244   4                                      case 5: shu=s5+s4*10+s3*100+s2*1000+s1*10000; break;
 245   4                                      case 6: shu=s6+s5*10+s4*100+s3*1000+s2*10000+s1*100000; break;
 246   4                              }
 247   3                              wei=0;
 248   3                      //      f=16;e=16;d=16;c=16;b=16;a=16;
 249   3                              s1=0;s2=0;s3=0;s4=0;s5=0;s6=0;
 250   3                      }
 251   2                      display(a,b,c,d,e,f);
 252   2              }
 253   1      }
 254          
 255          


MODULE INFORMATION:   STATIC OVERLAYABLE
   CODE SIZE        =    832    ----
   CONSTANT SIZE    =     17    ----
   XDATA SIZE       =   ----    ----
   PDATA SIZE       =   ----    ----
   DATA SIZE        =     20       6
   IDATA SIZE       =   ----    ----
   BIT SIZE         =   ----    ----
END OF MODULE INFORMATION.


C51 COMPILATION COMPLETE.  0 WARNING(S),  0 ERROR(S)
