C51 COMPILER V8.02   BEEP                                                                  12/26/2012 15:00:26 PAGE 1   


C51 COMPILER V8.02, COMPILATION OF MODULE BEEP
OBJECT MODULE PLACED IN beep.OBJ
COMPILER INVOKED BY: D:\单片机\Keil Uvision3破解版\C51\BIN\C51.EXE beep.c BROWSE DEBUG OBJECTEXTEND

line level    source

   1          /**********************SY-1实验开发板例程************************
   2          *  平台：SY-1+STC89C52
   3          *  名称：本程序为蜂鸣器的基本驱动示例，当按键S2被按下时，蜂鸣器响。
   4                                  松开后不响。
   5          *  公司：思源电子科技有限公司
   6          *  编写：思源
   7          *  日期：2012-12-25
   8          *   QQ : 936559219
   9          *  晶振:11.0592MHZ
  10          ******************************************************************/
  11          
  12          #include<reg52.h>
  13          
  14          sbit s2=P3^4;
  15          sbit beep=P2^3;
  16          
  17          void main()
  18          {
  19   1              while(1)
  20   1              {
  21   2                      if(!s2)
  22   2                              beep=0;
  23   2                      else
  24   2                              beep=1;
  25   2              }
  26   1      }


MODULE INFORMATION:   STATIC OVERLAYABLE
   CODE SIZE        =     11    ----
   CONSTANT SIZE    =   ----    ----
   XDATA SIZE       =   ----    ----
   PDATA SIZE       =   ----    ----
   DATA SIZE        =   ----    ----
   IDATA SIZE       =   ----    ----
   BIT SIZE         =   ----    ----
END OF MODULE INFORMATION.


C51 COMPILATION COMPLETE.  0 WARNING(S),  0 ERROR(S)
