C51 COMPILER V8.02   1                                                                     03/28/2013 20:22:52 PAGE 1   


C51 COMPILER V8.02, COMPILATION OF MODULE 1
OBJECT MODULE PLACED IN 1.OBJ
COMPILER INVOKED BY: D:\下载与应用\文件安装\新建文件夹 (2)\C51\BIN\C51.EXE 1.c BROWSE DEBUG OBJECTEXTEND

line level    source

   1          /**********************SY-1实验开发板例程************************
   2          *  平台：SY-1+STC89C52
   3          *  名称：学习板的第一个数码管动态地显示数字0到F
   4          *  公司：思源电子科技有限公司
   5          *  编写：思源
   6          *  日期：2012-12-25
   7          *   QQ : 936559219
   8          *  晶振:11.0592MHZ
   9          ******************************************************************/
  10          
  11          #include <reg52.h>
  12          #define uchar unsigned char
  13          #define uint unsigned int
  14          
  15          sbit duan=P2^6;         //段选信号的锁存器控制
  16          sbit wei=P2^7;          //位选信号的锁存器控制
  17          
  18          unsigned char code table[]={0x3f,0x06,0x5b,0x4f,0x66,0x6d,0x7d,
  19                                  0x07,0x7f,0x6f,0x77,0x7c,0x39,0x5e,0x79,0x71};
  20                                                          //0-F的码表
  21          void delay_ms(uint k)
  22          {
  23   1              uint i;
  24   1              uchar j;
  25   1              for(i=0;i<k;i++)
  26   1                      for(j=0;j<230;j++)
  27   1                      {
  28   2                       ;
  29   2                       }
  30   1      }
  31          
  32          void main()
  33          {
  34   1              unsigned char num;
  35   1              while(1)
  36   1              {
  37   2                      for(num=0;num<16;num++)
  38   2                      {
  39   3                              P0=table[num];     
  40   3                              duan=1;
  41   3                              duan=0;
  42   3                              P0=0xdf;
  43   3                              wei=1;
  44   3                              wei=0;
  45   3                              delay_ms(1000);
  46   3                      }
  47   2              }
  48   1      }
  49          


MODULE INFORMATION:   STATIC OVERLAYABLE
   CODE SIZE        =     57    ----
   CONSTANT SIZE    =     16    ----
   XDATA SIZE       =   ----    ----
C51 COMPILER V8.02   1                                                                     03/28/2013 20:22:52 PAGE 2   

   PDATA SIZE       =   ----    ----
   DATA SIZE        =   ----    ----
   IDATA SIZE       =   ----    ----
   BIT SIZE         =   ----    ----
END OF MODULE INFORMATION.


C51 COMPILATION COMPLETE.  0 WARNING(S),  0 ERROR(S)
