C51 COMPILER V9.01   单音音_                                                              04/29/2016 20:38:14 PAGE 1   


C51 COMPILER V9.01, COMPILATION OF MODULE 单音音_
OBJECT MODULE PLACED IN 单音音乐.OBJ
COMPILER INVOKED BY: E:\Program Files\Keil_v5\C51\BIN\C51.EXE 单音音乐.c BROWSE DEBUG OBJECTEXTEND TABS(2)

line level    source

   1          /**********************SY-1实验开发板例程************************
   2          *  平台：SY-1+STC89C52
   3          *  名称：实验板唱歌实验
   4          *  公司：思源电子科技有限公司
   5          *  编写：思源
   6          *  日期：2012-12-25
   7          *   QQ : 936559219
   8          *  晶振:11.0592MHZ
   9          ******************************************************************/
  10          #include <at89x52.h>
  11          #define uchar unsigned char
  12          bit flag; //标志音乐输出脚电平的高低
  13          uchar ptr = 0x00; //取音符
  14          uchar high; //计数器高位
  15          uchar low; //计数器低位
  16          // 本曲谱为 "新年好",前两个十六进制表示发声频率,后一个表示发声时间,0xFF,0xFF 表示休止符
  17          // 0x00 表示结束
  18          // 1 _ 1_ 1 .5
  19          uchar code music[] = {
  20          0xFC,0x44,0x7F, 0xFC,0x44,0x7F, 0xFC,0x44,0xFF, 0xFA,0x68,0xFF,
  21          // 3 _ 3_ 3 1
  22          0xFD,0x23,0x7F, 0xFD,0x23,0x7F, 0xFD,0x23,0xFF, 0xFC,0x44,0xFF,
  23          // 1_ 3_ 5 5
  24          0xFC,0x44,0x7F, 0xFD,0x23,0x7F, 0xFD,0x82,0xFF, 0xFD,0x82,0xFF,
  25          // 4_ 3_ 2 -
  26          0xFD,0x23,0x7F, 0xFD,0x23,0x7F, 0xFC,0xAC,0xFF, 0xFF,0xFF,0xFF,
  27          // 2_ 3_ 4 4
  28          0xFC,0xAC,0x7F, 0xFD,0x23,0x7F, 0xFD,0x34,0xFF, 0xFD,0x34,0xFF,
  29          // 3_ 2_ 3 1
  30          0xFD,0x23,0x7F, 0xFC,0xAC,0x7F, 0xFD,0x23,0xFF, 0xFC,0x44,0xFF,
  31          // 1_ 3_ 2 .5
  32          0xFC,0x44,0x7F, 0xFD,0x23,0x7F, 0xFC,0xAC,0xFF, 0xFA,0x68,0xFF,
  33           // .7_ 2_ 1 -
  34          0xFC,0x0C,0x7F, 0xFC,0xAC,0x7F, 0xFC,0x44,0xFF, 0xFF,0xFF,0xFF,
  35          0x00//结束
  36          };
  37          
  38          void Init(void); //初始化函数
  39          void DelayMs(unsigned int time); //毫秒级延时函数
  40          
  41          void main()
  42          {
  43   1        uchar time;
  44   1        Init();
  45   1        TH0 = high;
  46   1        TL0 = low;
  47   1        while (1)
  48   1        {
  49   2          if (music[ptr] != 0xFF && music[ptr] != 0x00)//判断是否是正常音符
  50   2          {
  51   3            TR0 = 0;
  52   3            P2_4 = 1;
  53   3            DelayMs(10); //间歇
  54   3            TR0 = 1;
  55   3            high = music[ptr]; //取设置频率数值的高8 位
C51 COMPILER V9.01   单音音_                                                              04/29/2016 20:38:14 PAGE 2   

  56   3            low = music[ptr + 1]; //取设置频率数值的低8 位
  57   3            time = music[ptr + 2]; //取发声时间
  58   3            DelayMs(time);
  59   3            ptr += 3;
  60   3          }
  61   2          else if (music[ptr] == 0xFF) //判断是否是休止符
  62   2          {
  63   3            time = music[ptr + 2];
  64   3            DelayMs(time);
  65   3            ptr += 3;
  66   3          }
  67   2          
  68   2          else //结束符,停止2 秒后继续
  69   2          {
  70   3            TR0 = 0;
  71   3            P2_4 = 1;
  72   3            DelayMs(2000);
  73   3            ptr = 0;
  74   3          }
  75   2        }
  76   1      }
  77          /*********************************************************************************
  78          * 名称：Count1(void) interrupt 1
  79          * 功能：设置计时器0 溢出中断,每中断一次改变P2_4 引脚电平
  80          *********************************************************************************/
  81          void Count1(void) interrupt 1
  82          {
  83   1        TH0 = high;
  84   1        TL0 = low;
  85   1        if (flag == 0) //改变P2_4 引脚电平
  86   1        {
  87   2          P2_4 = 0;
  88   2          flag = 1;
  89   2        }
  90   1        else
  91   1        {
  92   2          P2_4 = 1;
  93   2          flag = 0;
  94   2        }
  95   1      }
  96          /*********************************************************************************
  97          * 名称：Init()
  98          * 功能：设置计数器0 工作方式,16 位计数,溢出中断方式
  99          **********************************************************************************/
 100          void Init()
 101          {
 102   1        TMOD = 0x01; //定时器0 处于计时方式,16 位
 103   1        EA = 1;
 104   1        ET0 = 1; //定时器0 溢出中断
 105   1      }
 106          /*********************************************************************************
 107          * 名称：DelayMs(unsigned int time)
 108          * 功能：延时time * 1ms 时间
 109          *********************************************************************************/
 110          void DelayMs(unsigned int time)
 111          {
 112   1        unsigned int i;
 113   1        unsigned int j;
 114   1        for (j =0; j < time; j++) //每个循环 约 3ms
 115   1        {
 116   2          for (i =0; i < 363; i++)
 117   2          {;}
C51 COMPILER V9.01   单音音_                                                              04/29/2016 20:38:14 PAGE 3   

 118   2        }
 119   1      }


MODULE INFORMATION:   STATIC OVERLAYABLE
   CODE SIZE        =    160    ----
   CONSTANT SIZE    =     97    ----
   XDATA SIZE       =   ----    ----
   PDATA SIZE       =   ----    ----
   DATA SIZE        =      3       1
   IDATA SIZE       =   ----    ----
   BIT SIZE         =      1    ----
END OF MODULE INFORMATION.


C51 COMPILATION COMPLETE.  0 WARNING(S),  0 ERROR(S)
