C51 COMPILER V8.02   JISHIQI                                                               12/27/2012 10:17:29 PAGE 1   


C51 COMPILER V8.02, COMPILATION OF MODULE JISHIQI
OBJECT MODULE PLACED IN jishiqi.OBJ
COMPILER INVOKED BY: D:\单片机\Keil Uvision3破解版\C51\BIN\C51.EXE jishiqi.c BROWSE DEBUG OBJECTEXTEND

line level    source

   1          /**********************SY-1实验开发板例程************************
   2          *  平台：SY-1+STC89C52
   3          *  名称：秒表，可暂停
   4          *  公司：思源电子科技有限公司
   5          *  编写：思源
   6          *  日期：2012-12-25
   7          *   QQ : 936559219
   8          *  晶振:11.0592MHZ
   9          ******************************************************************/
  10          //可实现计时功能，最大计时时间为99小时。
  11          //支持暂停功能，按键盘中左下角的S2键，可暂停计时;按下S3，可继续计时。
  12          //注意晶振需为11.0592M。
  13          //若为其他数值晶振，请改变TH0与TL0参数值，否则计时会有很大误差 。
  14          
  15          #include<reg51.h>
  16          
  17          #define uchar unsigned char
  18          
  19          sbit dula=P2^6;
  20          sbit wela=P2^7;
  21          sbit beep=P2^3;
  22          sbit lcden=P3^4;
  23          sbit rs=P3^5;
  24          unsigned char halt,j,k,a1,a0,b1,b0,c1,c0,s,f,m,n=255;
  25          unsigned int pp;
  26          unsigned char code table[]={0x3f,0x06,0x5b,0x4f,0x66,0x6d,0x7d,
  27                                  0x07,0x7f,0x6f,0x77,0x7c,0x39,0x5e,0x79,0x71};
  28          
  29          void delay(unsigned char i)
  30          {
  31   1        for(j=i;j>0;j--)
  32   1          for(k=125;k>0;k--);
  33   1      }
  34          
  35          void display(uchar shi2,uchar shi1,uchar fen2,uchar fen1,uchar miao2,uchar miao1)
  36          {
  37   1         dula=0;
  38   1         P0=table[shi2];
  39   1         dula=1;
  40   1         dula=0;
  41   1         
  42   1         wela=0;
  43   1         P0=0xfe;
  44   1         wela=1;
  45   1         wela=0;
  46   1         delay(5);
  47   1         
  48   1         P0=table[shi1]|0x80;
  49   1         dula=1;
  50   1         dula=0;
  51   1         
  52   1         P0=0xfd;
  53   1         wela=1;
  54   1         wela=0;
  55   1         delay(5);
C51 COMPILER V8.02   JISHIQI                                                               12/27/2012 10:17:29 PAGE 2   

  56   1      
  57   1         P0=table[fen2];
  58   1         dula=1;
  59   1         dula=0;
  60   1         
  61   1         P0=0xfb;
  62   1         wela=1;
  63   1         wela=0;
  64   1         delay(5);
  65   1         
  66   1         P0=table[fen1]|0x80;
  67   1         dula=1;
  68   1         dula=0;
  69   1         
  70   1         P0=0xf7;
  71   1         wela=1;
  72   1         wela=0;
  73   1         delay(5);
  74   1         
  75   1         P0=table[miao2];
  76   1         dula=1;
  77   1         dula=0;
  78   1         
  79   1         P0=0xef;
  80   1         wela=1;
  81   1         wela=0;
  82   1         delay(5);
  83   1         
  84   1         P0=table[miao1];
  85   1         dula=1;
  86   1         dula=0;
  87   1         
  88   1         P0=0xdf;
  89   1         wela=1;
  90   1         wela=0;
  91   1         delay(5);
  92   1      }
  93          
  94          void keyscan()
  95          {
  96   1              if(lcden==0)
  97   1              delay(10);
  98   1              if(lcden==0)
  99   1              {
 100   2                      halt=1;
 101   2              }
 102   1              if(rs==0)
 103   1              halt=0;
 104   1      }
 105          
 106          void main()
 107          {
 108   1              TMOD=0x01;
 109   1              TR0=1;
 110   1              TH0=(65536-46080)/256;// 由于晶振为11.0592,故所记次数应为46080，计时器每隔50000微秒发起一次中断。
 111   1              TL0=(65536-46080)%256;//46080的来历，为50000*11.0592/12
 112   1              ET0=1;
 113   1              EA=1;
 114   1              while(1)
 115   1              {       keyscan();
 116   2                      if(halt==0)
 117   2                      {
C51 COMPILER V8.02   JISHIQI                                                               12/27/2012 10:17:29 PAGE 3   

 118   3                      TR0=1;
 119   3                      if(pp==20)
 120   3                      {       pp=0;
 121   4                              m++;
 122   4                              n--;
 123   4                              P1=n;//闪烁灯
 124   4                              if(m==60)
 125   4                              {
 126   5                                      m=0;
 127   5                                      f++;
 128   5                                      if(f==60)
 129   5                                      {
 130   6                                              f=0;
 131   6                                              s++;
 132   6                                              if(s==99)
 133   6                                              {
 134   7                                                      s=0;
 135   7                                              }
 136   6                                      }
 137   5                              }
 138   4                      }
 139   3                      
 140   3                      a0=s%10;
 141   3                      a1=s/10;
 142   3                      b0=f%10;
 143   3                      b1=f/10;
 144   3                      c0=m%10;
 145   3                      c1=m/10;
 146   3                      display(a1,a0,b1,b0,c1,c0);
 147   3              }
 148   2              else 
 149   2              TR0=0;
 150   2              display(a1,a0,b1,b0,c1,c0);
 151   2              }
 152   1      }
 153          
 154          void time0() interrupt 1
 155          {TH0=(65536-46080)/256;
 156   1              TL0=(65536-46080)%256;
 157   1              pp++;
 158   1      }


MODULE INFORMATION:   STATIC OVERLAYABLE
   CODE SIZE        =    325    ----
   CONSTANT SIZE    =     16    ----
   XDATA SIZE       =   ----    ----
   PDATA SIZE       =   ----    ----
   DATA SIZE        =     15       6
   IDATA SIZE       =   ----    ----
   BIT SIZE         =   ----    ----
END OF MODULE INFORMATION.


C51 COMPILATION COMPLETE.  0 WARNING(S),  0 ERROR(S)
