C51 COMPILER V8.02   DAOJISHI                                                              03/29/2013 21:42:13 PAGE 1   


C51 COMPILER V8.02, COMPILATION OF MODULE DAOJISHI
OBJECT MODULE PLACED IN daojishi.OBJ
COMPILER INVOKED BY: D:\下载与应用\文件安装\新建文件夹 (2)\C51\BIN\C51.EXE daojishi.c BROWSE DEBUG OBJECTEXTEND

line level    source

   1          /**********************SY-1实验开发板例程************************
   2          *  平台：SY-1+STC89C52
   3          *  名称：一分钟倒计时
   4          *  公司：思源电子科技有限公司
   5          *  编写：思源
   6          *  日期：2012-12-25
   7          *   QQ : 936559219
   8          *  晶振:11.0592MHZ
   9          ******************************************************************/
  10          #include<reg51.h>
  11          
  12          sbit dula=P2^6;
  13          sbit wela=P2^7;
  14          sbit beep=P2^3;
  15          unsigned char j,k,a1,a0,s=60;
  16          unsigned int m;
  17          unsigned char code table[]={0x3f,0x06,0x5b,0x4f,0x66,0x6d,0x7d,
  18                                  0x07,0x7f,0x6f,0x77,0x7c,0x39,0x5e,0x79,0x71};
  19          
  20          void delay(unsigned char i)
  21          {
  22   1        for(j=i;j>0;j--)
  23   1          for(k=125;k>0;k--);
  24   1      }
  25          void display(unsigned char sh_c,unsigned char g_c)
  26          {
  27   1         dula=0;
  28   1         P0=table[sh_c];
  29   1         dula=1;
  30   1         dula=0;
  31   1         
  32   1         wela=0;
  33   1         P0=0xfe;
  34   1         wela=1;
  35   1         wela=0;
  36   1         delay(5);
  37   1         
  38   1         P0=table[g_c];
  39   1         dula=1;
  40   1         dula=0;
  41   1         
  42   1         P0=0xfd;
  43   1         wela=1;
  44   1         wela=0;
  45   1         delay(5);
  46   1      }
  47          
  48          void main()
  49          {
  50   1              TMOD=0x01;
  51   1              TR0=1;
  52   1              TH0=(65536-46080)/256;// 由于晶振为11.0592,故所记次数应为46080，计时器每隔50000微秒发起一次中断。
  53   1              TL0=(65536-46080)%256;//46080的来历，为50000*11.0592/12
  54   1              ET0=1;
  55   1              EA=1;
C51 COMPILER V8.02   DAOJISHI                                                              03/29/2013 21:42:13 PAGE 2   

  56   1              while(1)
  57   1              {
  58   2                      if(m==20)
  59   2                      {       m=0;
  60   3                              s--;
  61   3                      }
  62   2                      a0=s%10;
  63   2                      a1=s/10;
  64   2                      display(a1,a0);
  65   2                      if(s==0)
  66   2                      {
  67   3                              TR0=0;//时间到，定时器关闭
  68   3                              beep=0;//蜂鸣器响，报时。
  69   3                      }       
  70   2              }
  71   1      }
  72          
  73          void time0() interrupt 1
  74          {TH0=(65536-46080)/256;
  75   1              TL0=(65536-46080)%256;
  76   1              m++;
  77   1      }


MODULE INFORMATION:   STATIC OVERLAYABLE
   CODE SIZE        =    148    ----
   CONSTANT SIZE    =     16    ----
   XDATA SIZE       =   ----    ----
   PDATA SIZE       =   ----    ----
   DATA SIZE        =      7    ----
   IDATA SIZE       =   ----    ----
   BIT SIZE         =   ----    ----
END OF MODULE INFORMATION.


C51 COMPILATION COMPLETE.  0 WARNING(S),  0 ERROR(S)
